"C:/Users/s210293/Documents/GitHub/TargetShooterGameJam/Content/Gunslinger/GunslingerTTP_Skeleton.uasset" 0
"C:/Users/s210293/Documents/GitHub/TargetShooterGameJam/Content/Gunslinger/GunslingerTTP_Skeleton.uexp" 1
"C:/Users/s210293/Documents/GitHub/TargetShooterGameJam/Content/Animations/Gunslinger_Aiming.uasset" 2
"C:/Users/s210293/Documents/GitHub/TargetShooterGameJam/Content/Animations/Gunslinger_Aiming.uexp" 3
"C:/Users/s210293/Documents/GitHub/TargetShooterGameJam/Content/Animations/Gunslinger_ResetAim.uasset" 4
"C:/Users/s210293/Documents/GitHub/TargetShooterGameJam/Content/Animations/Gunslinger_ResetAim.uexp" 5
"C:/Users/s210293/Documents/GitHub/TargetShooterGameJam/Content/Materials/M_Basic.uasset" 6
"C:/Users/s210293/Documents/GitHub/TargetShooterGameJam/Content/Materials/M_Basic.uexp" 7
"C:/Users/s210293/Documents/GitHub/TargetShooterGameJam/Content/Materials/M_Basic_Inst.uasset" 8
"C:/Users/s210293/Documents/GitHub/TargetShooterGameJam/Content/Materials/M_Basic_Inst.uexp" 9
"C:/Users/s210293/Documents/GitHub/TargetShooterGameJam/Content/Environment/Barrel.uasset" 10
"C:/Users/s210293/Documents/GitHub/TargetShooterGameJam/Content/Environment/Barrel.uexp" 11
"C:/Users/s210293/Documents/GitHub/TargetShooterGameJam/Content/Environment/Building_00.uasset" 12
"C:/Users/s210293/Documents/GitHub/TargetShooterGameJam/Content/Environment/Building_00.uexp" 13
"C:/Users/s210293/Documents/GitHub/TargetShooterGameJam/Content/Environment/Building_01.uasset" 14
"C:/Users/s210293/Documents/GitHub/TargetShooterGameJam/Content/Environment/Building_01.uexp" 15
"C:/Users/s210293/Documents/GitHub/TargetShooterGameJam/Content/Environment/Crate.uasset" 16
"C:/Users/s210293/Documents/GitHub/TargetShooterGameJam/Content/Environment/Crate.uexp" 17
"C:/Users/s210293/Documents/GitHub/TargetShooterGameJam/Content/Environment/Horse_TieUp.uasset" 18
"C:/Users/s210293/Documents/GitHub/TargetShooterGameJam/Content/Environment/Horse_TieUp.uexp" 19
"C:/Users/s210293/Documents/GitHub/TargetShooterGameJam/Content/Environment/Trough.uasset" 20
"C:/Users/s210293/Documents/GitHub/TargetShooterGameJam/Content/Environment/Trough.uexp" 21
"C:/Users/s210293/Documents/GitHub/TargetShooterGameJam/Content/Gunslinger/GunslingerTTP_PhysicsAsset.uasset" 22
"C:/Users/s210293/Documents/GitHub/TargetShooterGameJam/Content/Gunslinger/GunslingerTTP_PhysicsAsset.uexp" 23
"C:/Users/s210293/Documents/GitHub/TargetShooterGameJam/Content/Materials/M_Player.uasset" 24
"C:/Users/s210293/Documents/GitHub/TargetShooterGameJam/Content/Materials/M_Player.uexp" 25
"C:/Users/s210293/Documents/GitHub/TargetShooterGameJam/Content/Materials/M_Player_Inst.uasset" 26
"C:/Users/s210293/Documents/GitHub/TargetShooterGameJam/Content/Materials/M_Player_Inst.uexp" 27
"C:/Users/s210293/Documents/GitHub/TargetShooterGameJam/Content/Gunslinger/GunslingerTTP.uasset" 28
"C:/Users/s210293/Documents/GitHub/TargetShooterGameJam/Content/Gunslinger/GunslingerTTP.uexp" 29
"C:/Users/s210293/Documents/GitHub/TargetShooterGameJam/Content/Materials/T_Spacecolour.uasset" 30
"C:/Users/s210293/Documents/GitHub/TargetShooterGameJam/Content/Materials/T_Spacecolour.uexp" 31
"C:/Users/s210293/Documents/GitHub/TargetShooterGameJam/Content/Materials/M_Spacecolour.uasset" 32
"C:/Users/s210293/Documents/GitHub/TargetShooterGameJam/Content/Materials/M_Spacecolour.uexp" 33
"C:/Users/s210293/Documents/GitHub/TargetShooterGameJam/Content/Materials/MI_Cape.uasset" 34
"C:/Users/s210293/Documents/GitHub/TargetShooterGameJam/Content/Materials/MI_Cape.uexp" 35
"C:/Users/s210293/Documents/GitHub/TargetShooterGameJam/Content/Gunslinger/SM_Cape.uasset" 36
"C:/Users/s210293/Documents/GitHub/TargetShooterGameJam/Content/Gunslinger/SM_Cape.uexp" 37
"C:/Users/s210293/Documents/GitHub/TargetShooterGameJam/Content/Materials/MI_mask.uasset" 38
"C:/Users/s210293/Documents/GitHub/TargetShooterGameJam/Content/Materials/MI_mask.uexp" 39
"C:/Users/s210293/Documents/GitHub/TargetShooterGameJam/Content/Meshes/SM_cactusPlant.uasset" 40
"C:/Users/s210293/Documents/GitHub/TargetShooterGameJam/Content/Meshes/SM_cactusPlant.uexp" 41
"../../../Engine/Content/EditorBlueprintResources/StandardMacros.uasset" 42
"../../../Engine/Content/EditorBlueprintResources/StandardMacros.uexp" 43
"C:/Users/s210293/Documents/GitHub/TargetShooterGameJam/Content/Meshes/BP_CactusMoving.uasset" 44
"C:/Users/s210293/Documents/GitHub/TargetShooterGameJam/Content/Meshes/BP_CactusMoving.uexp" 45
"../../../Engine/Content/Functions/Engine_MaterialFunctions01/Gradient/RadialGradient.uasset" 46
"../../../Engine/Content/Functions/Engine_MaterialFunctions01/Gradient/RadialGradient.uexp" 47
"C:/Users/s210293/Documents/GitHub/TargetShooterGameJam/Content/Materials/M_Bullet.uasset" 48
"C:/Users/s210293/Documents/GitHub/TargetShooterGameJam/Content/Materials/M_Bullet.uexp" 49
"C:/Users/s210293/Documents/GitHub/TargetShooterGameJam/Content/Materials/M_Bullet_Inst.uasset" 50
"C:/Users/s210293/Documents/GitHub/TargetShooterGameJam/Content/Materials/M_Bullet_Inst.uexp" 51
"C:/Users/s210293/Documents/GitHub/TargetShooterGameJam/Content/Meshes/SM_Zenith.uasset" 52
"C:/Users/s210293/Documents/GitHub/TargetShooterGameJam/Content/Meshes/SM_Zenith.uexp" 53
"C:/Users/s210293/Documents/GitHub/TargetShooterGameJam/Content/Meshes/BP_MovingCar.uasset" 54
"C:/Users/s210293/Documents/GitHub/TargetShooterGameJam/Content/Meshes/BP_MovingCar.uexp" 55
"C:/Users/s210293/Documents/GitHub/TargetShooterGameJam/Content/Meshes/SM_Target.uasset" 56
"C:/Users/s210293/Documents/GitHub/TargetShooterGameJam/Content/Meshes/SM_Target.uexp" 57
"C:/Users/s210293/Documents/GitHub/TargetShooterGameJam/Content/Meshes/BP_MovingTarget.uasset" 58
"C:/Users/s210293/Documents/GitHub/TargetShooterGameJam/Content/Meshes/BP_MovingTarget.uexp" 59
"C:/Users/s210293/Documents/GitHub/TargetShooterGameJam/Content/Materials/M_Gun.uasset" 60
"C:/Users/s210293/Documents/GitHub/TargetShooterGameJam/Content/Materials/M_Gun.uexp" 61
"C:/Users/s210293/Documents/GitHub/TargetShooterGameJam/Content/Meshes/Gun.uasset" 62
"C:/Users/s210293/Documents/GitHub/TargetShooterGameJam/Content/Meshes/Gun.uexp" 63
"../../../Engine/Plugins/FX/Niagara/Content/VectorFields/Assets/TilingCurl32.uasset" 64
"../../../Engine/Plugins/FX/Niagara/Content/VectorFields/Assets/TilingCurl32.uexp" 65
"../../../Engine/Plugins/FX/Niagara/Content/Enums/Ribbons/ENiagara_UnsetDirectSetRandom.uasset" 66
"../../../Engine/Plugins/FX/Niagara/Content/Enums/Ribbons/ENiagara_UnsetDirectSetRandom.uexp" 67
"../../../Engine/Plugins/FX/Niagara/Content/Enums/ENiagaraSystemInactiveMode.uasset" 68
"../../../Engine/Plugins/FX/Niagara/Content/Enums/ENiagaraSystemInactiveMode.uexp" 69
"../../../Engine/Plugins/FX/Niagara/Content/Enums/ENiagaraScaleColorMode.uasset" 70
"../../../Engine/Plugins/FX/Niagara/Content/Enums/ENiagaraScaleColorMode.uexp" 71
"../../../Engine/Plugins/FX/Niagara/Content/Enums/ENiagaraRandomnessMode.uasset" 72
"../../../Engine/Plugins/FX/Niagara/Content/Enums/ENiagaraRandomnessMode.uexp" 73
"../../../Engine/Plugins/FX/Niagara/Content/Enums/ENiagaraRandomnessEvaluation.uasset" 74
"../../../Engine/Plugins/FX/Niagara/Content/Enums/ENiagaraRandomnessEvaluation.uexp" 75
"../../../Engine/Plugins/FX/Niagara/Content/Enums/ENiagaraMeshTransforms.uasset" 76
"../../../Engine/Plugins/FX/Niagara/Content/Enums/ENiagaraMeshTransforms.uexp" 77
"../../../Engine/Plugins/FX/Niagara/Content/Enums/ENiagaraInactiveMode.uasset" 78
"../../../Engine/Plugins/FX/Niagara/Content/Enums/ENiagaraInactiveMode.uexp" 79
"../../../Engine/Plugins/FX/Niagara/Content/Enums/ENiagaraEmitterScalabilityMode_Limited.uasset" 80
"../../../Engine/Plugins/FX/Niagara/Content/Enums/ENiagaraEmitterScalabilityMode_Limited.uexp" 81
"../../../Engine/Plugins/FX/Niagara/Content/Enums/ENiagaraEmitterLifeCycleMode.uasset" 82
"../../../Engine/Plugins/FX/Niagara/Content/Enums/ENiagaraEmitterLifeCycleMode.uexp" 83
"../../../Engine/Plugins/FX/Niagara/Content/Enums/ENiagaraCurlNoiseQuality.uasset" 84
"../../../Engine/Plugins/FX/Niagara/Content/Enums/ENiagaraCurlNoiseQuality.uexp" 85
"../../../Engine/Plugins/FX/Niagara/Content/Enums/ENiagaraChannelCorrelation.uasset" 86
"../../../Engine/Plugins/FX/Niagara/Content/Enums/ENiagaraChannelCorrelation.uexp" 87
"../../../Engine/Plugins/FX/Niagara/Content/Enums/ENiagara_UVFlippingMode.uasset" 88
"../../../Engine/Plugins/FX/Niagara/Content/Enums/ENiagara_UVFlippingMode.uexp" 89
"../../../Engine/Plugins/FX/Niagara/Content/Enums/ENiagara_SizeScaleMode.uasset" 90
"../../../Engine/Plugins/FX/Niagara/Content/Enums/ENiagara_SizeScaleMode.uexp" 91
"../../../Engine/Plugins/FX/Niagara/Content/Enums/ENiagara_PositionInitializationMode.uasset" 92
"../../../Engine/Plugins/FX/Niagara/Content/Enums/ENiagara_PositionInitializationMode.uexp" 93
"../../../Engine/Plugins/FX/Niagara/Content/Enums/ENiagara_MassInitializationMode.uasset" 94
"../../../Engine/Plugins/FX/Niagara/Content/Enums/ENiagara_MassInitializationMode.uexp" 95
"../../../Engine/Plugins/FX/Niagara/Content/Enums/ENiagara_LifetimeMode.uasset" 96
"../../../Engine/Plugins/FX/Niagara/Content/Enums/ENiagara_LifetimeMode.uexp" 97
"../../../Engine/Plugins/FX/Niagara/Content/Enums/ENiagara_InfiniteLoopDuration.uasset" 98
"../../../Engine/Plugins/FX/Niagara/Content/Enums/ENiagara_InfiniteLoopDuration.uexp" 99
"../../../Engine/Plugins/FX/Niagara/Content/Enums/ENiagara_EmitterStateOptions.uasset" 100
"../../../Engine/Plugins/FX/Niagara/Content/Enums/ENiagara_EmitterStateOptions.uexp" 101
"../../../Engine/Plugins/FX/Niagara/Content/Enums/ENiagara_ColorInitializationMode.uasset" 102
"../../../Engine/Plugins/FX/Niagara/Content/Enums/ENiagara_ColorInitializationMode.uexp" 103
"../../../Engine/Plugins/FX/Niagara/Content/Modules/Update/Lifetime/ParticleState.uasset" 104
"../../../Engine/Plugins/FX/Niagara/Content/Modules/Update/Lifetime/ParticleState.uexp" 105
"../../../Engine/Plugins/FX/Niagara/Content/Functions/DirectionAndLengthSafe.uasset" 106
"../../../Engine/Plugins/FX/Niagara/Content/Functions/DirectionAndLengthSafe.uexp" 107
"../../../Engine/Plugins/FX/Niagara/Content/Modules/Update/Forces/WindForce.uasset" 108
"../../../Engine/Plugins/FX/Niagara/Content/Modules/Update/Forces/WindForce.uexp" 109
"../../../Engine/Plugins/FX/Niagara/Content/VectorFields/Assets/TilingCurl64.uasset" 110
"../../../Engine/Plugins/FX/Niagara/Content/VectorFields/Assets/TilingCurl64.uexp" 111
"../../../Engine/Plugins/FX/Niagara/Content/VectorFields/Assets/TilingCurl16.uasset" 112
"../../../Engine/Plugins/FX/Niagara/Content/VectorFields/Assets/TilingCurl16.uexp" 113
"../../../Engine/Plugins/FX/Niagara/Content/Functions/Localspace/SimulationPosition.uasset" 114
"../../../Engine/Plugins/FX/Niagara/Content/Functions/Localspace/SimulationPosition.uexp" 115
"../../../Engine/Plugins/FX/Niagara/Content/Functions/FindAngleBetweenVectors.uasset" 116
"../../../Engine/Plugins/FX/Niagara/Content/Functions/FindAngleBetweenVectors.uexp" 117
"../../../Engine/Plugins/FX/Niagara/Content/Functions/V2/RemapRange.uasset" 118
"../../../Engine/Plugins/FX/Niagara/Content/Functions/V2/RemapRange.uexp" 119
"../../../Engine/Plugins/FX/Niagara/Content/Functions/V2/ConeMask.uasset" 120
"../../../Engine/Plugins/FX/Niagara/Content/Functions/V2/ConeMask.uexp" 121
"../../../Engine/Plugins/FX/Niagara/Content/Functions/Localspace/TransformBase.uasset" 122
"../../../Engine/Plugins/FX/Niagara/Content/Functions/Localspace/TransformBase.uexp" 123
"../../../Engine/Plugins/FX/Niagara/Content/Functions/Localspace/TransformPosition.uasset" 124
"../../../Engine/Plugins/FX/Niagara/Content/Functions/Localspace/TransformPosition.uexp" 125
"../../../Engine/Plugins/FX/Niagara/Content/Functions/Localspace/TransformVector.uasset" 126
"../../../Engine/Plugins/FX/Niagara/Content/Functions/Localspace/TransformVector.uexp" 127
"../../../Engine/Plugins/FX/Niagara/Content/Modules/Update/Forces/V2/CurlNoiseForce.uasset" 128
"../../../Engine/Plugins/FX/Niagara/Content/Modules/Update/Forces/V2/CurlNoiseForce.uexp" 129
"../../../Engine/Plugins/FX/Niagara/Content/Modules/Update/Color/ScaleColor.uasset" 130
"../../../Engine/Plugins/FX/Niagara/Content/Modules/Update/Color/ScaleColor.uexp" 131
"../../../Engine/Plugins/FX/Niagara/Content/Functions/System/SystemChangeState.uasset" 132
"../../../Engine/Plugins/FX/Niagara/Content/Functions/System/SystemChangeState.uexp" 133
"../../../Engine/Plugins/FX/Niagara/Content/Modules/System/SystemState.uasset" 134
"../../../Engine/Plugins/FX/Niagara/Content/Modules/System/SystemState.uexp" 135
"../../../Engine/Plugins/FX/Niagara/Content/Modules/Spawn/Velocity/AddVelocity.uasset" 136
"../../../Engine/Plugins/FX/Niagara/Content/Modules/Spawn/Velocity/AddVelocity.uexp" 137
"../../../Engine/Plugins/FX/Niagara/Content/Functions/Rotation/AxisAngleToQuaternion.uasset" 138
"../../../Engine/Plugins/FX/Niagara/Content/Functions/Rotation/AxisAngleToQuaternion.uexp" 139
"../../../Engine/Plugins/FX/Niagara/Content/Functions/Rotation/MultiplyQuaternion.uasset" 140
"../../../Engine/Plugins/FX/Niagara/Content/Functions/Rotation/MultiplyQuaternion.uexp" 141
"../../../Engine/Plugins/FX/Niagara/Content/Modules/Solvers/ApplyRotationVector.uasset" 142
"../../../Engine/Plugins/FX/Niagara/Content/Modules/Solvers/ApplyRotationVector.uexp" 143
"../../../Engine/Plugins/FX/Niagara/Content/Functions/Rotation/FindQuatBetween.uasset" 144
"../../../Engine/Plugins/FX/Niagara/Content/Functions/Rotation/FindQuatBetween.uexp" 145
"../../../Engine/Plugins/FX/Niagara/Content/Modules/Spawn/Orientation/V3/InitialMeshOrientation.uasset" 146
"../../../Engine/Plugins/FX/Niagara/Content/Modules/Spawn/Orientation/V3/InitialMeshOrientation.uexp" 147
"../../../Engine/Plugins/FX/Niagara/Content/Functions/V2/CalculateRandomRangeInteger.uasset" 148
"../../../Engine/Plugins/FX/Niagara/Content/Functions/V2/CalculateRandomRangeInteger.uexp" 149
"../../../Engine/Plugins/FX/Niagara/Content/Functions/V2/CalculateRandomBool.uasset" 150
"../../../Engine/Plugins/FX/Niagara/Content/Functions/V2/CalculateRandomBool.uexp" 151
"../../../Engine/Plugins/FX/Niagara/Content/Functions/V2/CalculateRandomRangeFloat.uasset" 152
"../../../Engine/Plugins/FX/Niagara/Content/Functions/V2/CalculateRandomRangeFloat.uexp" 153
"../../../Engine/Plugins/FX/Niagara/Content/Functions/V2/CalculateRandomRange.uasset" 154
"../../../Engine/Plugins/FX/Niagara/Content/Functions/V2/CalculateRandomRange.uexp" 155
"../../../Engine/Plugins/FX/Niagara/Content/Functions/LinearColor/HueShiftLinearColor.uasset" 156
"../../../Engine/Plugins/FX/Niagara/Content/Functions/LinearColor/HueShiftLinearColor.uexp" 157
"../../../Engine/Plugins/FX/Niagara/Content/Enums/ENiagara_SpriteRotationMode.uasset" 158
"../../../Engine/Plugins/FX/Niagara/Content/Enums/ENiagara_SpriteRotationMode.uexp" 159
"../../../Engine/Plugins/FX/Niagara/Content/Modules/Spawn/Initialization/V2/InitializeParticle.uasset" 160
"../../../Engine/Plugins/FX/Niagara/Content/Modules/Spawn/Initialization/V2/InitializeParticle.uexp" 161
"../../../Engine/Plugins/FX/Niagara/Content/Modules/Solvers/SolveForcesAndVelocity.uasset" 162
"../../../Engine/Plugins/FX/Niagara/Content/Modules/Solvers/SolveForcesAndVelocity.uexp" 163
"../../../Engine/Plugins/FX/Niagara/Content/Modules/Emitter/SpawnBurst_Instantaneous.uasset" 164
"../../../Engine/Plugins/FX/Niagara/Content/Modules/Emitter/SpawnBurst_Instantaneous.uexp" 165
"../../../Engine/Plugins/FX/Niagara/Content/Functions/Emitter/EmitterChangeState.uasset" 166
"../../../Engine/Plugins/FX/Niagara/Content/Functions/Emitter/EmitterChangeState.uexp" 167
"../../../Engine/Plugins/FX/Niagara/Content/Enums/ENiagaraExecutionStateManagement.uasset" 168
"../../../Engine/Plugins/FX/Niagara/Content/Enums/ENiagaraExecutionStateManagement.uexp" 169
"../../../Engine/Plugins/FX/Niagara/Content/Modules/Emitter/EmitterState.uasset" 170
"../../../Engine/Plugins/FX/Niagara/Content/Modules/Emitter/EmitterState.uexp" 171
"../../../Engine/Plugins/FX/Niagara/Content/DynamicInputs/ValueFromCurve/FloatFromCurve.uasset" 172
"../../../Engine/Plugins/FX/Niagara/Content/DynamicInputs/ValueFromCurve/FloatFromCurve.uexp" 173
"../../../Engine/Plugins/FX/Niagara/Content/DynamicInputs/UniformRange/V2/RandomRangeVector.uasset" 174
"../../../Engine/Plugins/FX/Niagara/Content/DynamicInputs/UniformRange/V2/RandomRangeVector.uexp" 175
"C:/Users/s210293/Documents/GitHub/TargetShooterGameJam/Content/Meshes/NS_BlueShip.uasset" 176
"C:/Users/s210293/Documents/GitHub/TargetShooterGameJam/Content/Meshes/NS_BlueShip.uexp" 177
"C:/Users/s210293/Documents/GitHub/TargetShooterGameJam/Content/Meshes/SM_greenBottle.uasset" 178
"C:/Users/s210293/Documents/GitHub/TargetShooterGameJam/Content/Meshes/SM_greenBottle.uexp" 179
"C:/Users/s210293/Documents/GitHub/TargetShooterGameJam/Content/Meshes/SM_Pot.uasset" 180
"C:/Users/s210293/Documents/GitHub/TargetShooterGameJam/Content/Meshes/SM_Pot.uexp" 181
"C:/Users/s210293/Documents/GitHub/TargetShooterGameJam/Content/Meshes/SM_vaseBlue.uasset" 182
"C:/Users/s210293/Documents/GitHub/TargetShooterGameJam/Content/Meshes/SM_vaseBlue.uexp" 183
"C:/Users/s210293/Documents/GitHub/TargetShooterGameJam/Content/Meshes/SM_vaseRed.uasset" 184
"C:/Users/s210293/Documents/GitHub/TargetShooterGameJam/Content/Meshes/SM_vaseRed.uexp" 185
"C:/Users/s210293/Documents/GitHub/TargetShooterGameJam/Content/Meshes/SM_woodBarrel.uasset" 186
"C:/Users/s210293/Documents/GitHub/TargetShooterGameJam/Content/Meshes/SM_woodBarrel.uexp" 187
"C:/Users/s210293/Documents/GitHub/TargetShooterGameJam/Content/Sounds/Blip_01.uasset" 188
"C:/Users/s210293/Documents/GitHub/TargetShooterGameJam/Content/Sounds/Blip_01.uexp" 189
"C:/Users/s210293/Documents/GitHub/TargetShooterGameJam/Content/Sounds/Blip_02.uasset" 190
"C:/Users/s210293/Documents/GitHub/TargetShooterGameJam/Content/Sounds/Blip_02.uexp" 191
"C:/Users/s210293/Documents/GitHub/TargetShooterGameJam/Content/Sounds/Coin_02.uasset" 192
"C:/Users/s210293/Documents/GitHub/TargetShooterGameJam/Content/Sounds/Coin_02.uexp" 193
"C:/Users/s210293/Documents/GitHub/TargetShooterGameJam/Content/Sounds/Gunfire_01.uasset" 194
"C:/Users/s210293/Documents/GitHub/TargetShooterGameJam/Content/Sounds/Gunfire_01.uexp" 195
"C:/Users/s210293/Documents/GitHub/TargetShooterGameJam/Content/Sounds/Laser_01.uasset" 196
"C:/Users/s210293/Documents/GitHub/TargetShooterGameJam/Content/Sounds/Laser_01.uexp" 197
"C:/Users/s210293/Documents/GitHub/TargetShooterGameJam/Content/Sounds/Laser_02.uasset" 198
"C:/Users/s210293/Documents/GitHub/TargetShooterGameJam/Content/Sounds/Laser_02.uexp" 199
"C:/Users/s210293/Documents/GitHub/TargetShooterGameJam/Content/Sounds/Powerup_01.uasset" 200
"C:/Users/s210293/Documents/GitHub/TargetShooterGameJam/Content/Sounds/Powerup_01.uexp" 201
"C:/Users/s210293/Documents/GitHub/TargetShooterGameJam/Content/Sounds/Powerup_02.uasset" 202
"C:/Users/s210293/Documents/GitHub/TargetShooterGameJam/Content/Sounds/Powerup_02.uexp" 203
"C:/Users/s210293/Documents/GitHub/TargetShooterGameJam/Content/Sounds/Randomize_02.uasset" 204
"C:/Users/s210293/Documents/GitHub/TargetShooterGameJam/Content/Sounds/Randomize_02.uexp" 205
"C:/Users/s210293/Documents/GitHub/TargetShooterGameJam/Content/Sounds/Randomize_04.uasset" 206
"C:/Users/s210293/Documents/GitHub/TargetShooterGameJam/Content/Sounds/Randomize_04.uexp" 207
"C:/Users/s210293/Documents/GitHub/TargetShooterGameJam/Content/Sounds/Randomize_05.uasset" 208
"C:/Users/s210293/Documents/GitHub/TargetShooterGameJam/Content/Sounds/Randomize_05.uexp" 209
"C:/Users/s210293/Documents/GitHub/TargetShooterGameJam/Content/Sounds/Randomize_06.uasset" 210
"C:/Users/s210293/Documents/GitHub/TargetShooterGameJam/Content/Sounds/Randomize_06.uexp" 211
"C:/Users/s210293/Documents/GitHub/TargetShooterGameJam/Content/Sounds/Randomize_07.uasset" 212
"C:/Users/s210293/Documents/GitHub/TargetShooterGameJam/Content/Sounds/Randomize_07.uexp" 213
"C:/Users/s210293/Documents/GitHub/TargetShooterGameJam/Content/Sounds/Randomize_09.uasset" 214
"C:/Users/s210293/Documents/GitHub/TargetShooterGameJam/Content/Sounds/Randomize_09.uexp" 215
"C:/Users/s210293/Documents/GitHub/TargetShooterGameJam/Content/Textures/Ammo_Empty.uasset" 216
"C:/Users/s210293/Documents/GitHub/TargetShooterGameJam/Content/Textures/Ammo_Empty.uexp" 217
"C:/Users/s210293/Documents/GitHub/TargetShooterGameJam/Content/Textures/Ammo_Full.uasset" 218
"C:/Users/s210293/Documents/GitHub/TargetShooterGameJam/Content/Textures/Ammo_Full.uexp" 219
"C:/Users/s210293/Documents/GitHub/TargetShooterGameJam/Content/Textures/MenuButton.uasset" 220
"C:/Users/s210293/Documents/GitHub/TargetShooterGameJam/Content/Textures/MenuButton.uexp" 221
"C:/Users/s210293/Documents/GitHub/TargetShooterGameJam/Content/Textures/RestartButton.uasset" 222
"C:/Users/s210293/Documents/GitHub/TargetShooterGameJam/Content/Textures/RestartButton.uexp" 223
"../../../Engine/Content/Animation/DefaultAnimBoneCompressionSettings.uasset" 224
"../../../Engine/Content/Animation/DefaultAnimBoneCompressionSettings.uexp" 225
"../../../Engine/Content/Animation/DefaultAnimCurveCompressionSettings.uasset" 226
"../../../Engine/Content/Animation/DefaultAnimCurveCompressionSettings.uexp" 227
"../../../Engine/Content/EngineMaterials/T_Default_Material_Grid_N.uasset" 228
"../../../Engine/Content/EngineMaterials/T_Default_Material_Grid_N.uexp" 229
"../../../Engine/Content/EngineMaterials/T_Default_Material_Grid_N.ubulk" 230
"../../../Engine/Content/EngineMaterials/T_Default_Material_Grid_M.uasset" 231
"../../../Engine/Content/EngineMaterials/T_Default_Material_Grid_M.uexp" 232
"../../../Engine/Content/EngineMaterials/T_Default_Material_Grid_M.ubulk" 233
"../../../Engine/Content/Functions/Engine_MaterialFunctions01/Opacity/CameraDepthFade.uasset" 234
"../../../Engine/Content/Functions/Engine_MaterialFunctions01/Opacity/CameraDepthFade.uexp" 235
"../../../Engine/Content/EngineMaterials/WorldGridMaterial.uasset" 236
"../../../Engine/Content/EngineMaterials/WorldGridMaterial.uexp" 237
"../../../Engine/Content/ArtTools/RenderToTexture/Meshes/S_1_Unit_Plane.uasset" 238
"../../../Engine/Content/ArtTools/RenderToTexture/Meshes/S_1_Unit_Plane.uexp" 239
"../../../Engine/Content/EngineMaterials/DefaultMaterial.uasset" 240
"../../../Engine/Content/EngineMaterials/DefaultMaterial.uexp" 241
"../../../Engine/Content/BasicShapes/Cone.uasset" 242
"../../../Engine/Content/BasicShapes/Cone.uexp" 243
"../../../Engine/Content/BasicShapes/Cube.uasset" 244
"../../../Engine/Content/BasicShapes/Cube.uexp" 245
"../../../Engine/Content/BasicShapes/Plane.uasset" 246
"../../../Engine/Content/BasicShapes/Plane.uexp" 247
"../../../Engine/Content/BasicShapes/Sphere.uasset" 248
"../../../Engine/Content/BasicShapes/Sphere.uexp" 249
"../../../Engine/Content/EditorLandscapeResources/DataLayer.uasset" 250
"../../../Engine/Content/EditorLandscapeResources/DataLayer.uexp" 251
"../../../Engine/Content/EditorLandscapeResources/DefaultAlphaTexture.uasset" 252
"../../../Engine/Content/EditorLandscapeResources/DefaultAlphaTexture.uexp" 253
"../../../Engine/Content/EditorMaterials/MAT_Groups_Toggle.uasset" 254
"../../../Engine/Content/EditorMaterials/MAT_Groups_Toggle.uexp" 255
"../../../Engine/Content/EditorMaterials/MAT_Groups_Visibility.uasset" 256
"../../../Engine/Content/EditorMaterials/MAT_Groups_Visibility.uexp" 257
"../../../Engine/Content/EditorMaterials/PreviewShadowIndicator.uasset" 258
"../../../Engine/Content/EditorMaterials/PreviewShadowIndicator.uexp" 259
"../../../Engine/Content/EditorMaterials/PreviewShadowIndicator.ubulk" 260
"../../../Engine/Content/EditorMaterials/PreviewShadowIndicatorMaterial.uasset" 261
"../../../Engine/Content/EditorMaterials/PreviewShadowIndicatorMaterial.uexp" 262
"../../../Engine/Content/EditorMaterials/MatineeGroups/MAT_ColorTrack.uasset" 263
"../../../Engine/Content/EditorMaterials/MatineeGroups/MAT_ColorTrack.uexp" 264
"../../../Engine/Content/EditorMaterials/MatineeGroups/MAT_Groups_Anim.uasset" 265
"../../../Engine/Content/EditorMaterials/MatineeGroups/MAT_Groups_Anim.uexp" 266
"../../../Engine/Content/EditorMaterials/MatineeGroups/MAT_Groups_AudioMaster.uasset" 267
"../../../Engine/Content/EditorMaterials/MatineeGroups/MAT_Groups_AudioMaster.uexp" 268
"../../../Engine/Content/EditorMaterials/MatineeGroups/MAT_Groups_Director.uasset" 269
"../../../Engine/Content/EditorMaterials/MatineeGroups/MAT_Groups_Director.uexp" 270
"../../../Engine/Content/EditorMaterials/MatineeGroups/MAT_Groups_Event.uasset" 271
"../../../Engine/Content/EditorMaterials/MatineeGroups/MAT_Groups_Event.uexp" 272
"../../../Engine/Content/EditorMaterials/MatineeGroups/MAT_Groups_Fade.uasset" 273
"../../../Engine/Content/EditorMaterials/MatineeGroups/MAT_Groups_Fade.uexp" 274
"../../../Engine/Content/EditorMaterials/MatineeGroups/MAT_Groups_Float.uasset" 275
"../../../Engine/Content/EditorMaterials/MatineeGroups/MAT_Groups_Float.uexp" 276
"../../../Engine/Content/EditorMaterials/MatineeGroups/MAT_Groups_Move.uasset" 277
"../../../Engine/Content/EditorMaterials/MatineeGroups/MAT_Groups_Move.uexp" 278
"../../../Engine/Content/EditorMaterials/MatineeGroups/MAT_Groups_Slomo.uasset" 279
"../../../Engine/Content/EditorMaterials/MatineeGroups/MAT_Groups_Slomo.uexp" 280
"../../../Engine/Content/EditorMaterials/MatineeGroups/MAT_Groups_Sound.uasset" 281
"../../../Engine/Content/EditorMaterials/MatineeGroups/MAT_Groups_Sound.uexp" 282
"../../../Engine/Content/EditorMaterials/MatineeGroups/MAT_Groups_Vector.uasset" 283
"../../../Engine/Content/EditorMaterials/MatineeGroups/MAT_Groups_Vector.uexp" 284
"../../../Engine/Content/EditorMaterials/ParticleSystems/PSysThumbnail_NoImage.uasset" 285
"../../../Engine/Content/EditorMaterials/ParticleSystems/PSysThumbnail_NoImage.uexp" 286
"../../../Engine/Content/EditorMaterials/ParticleSystems/PSysThumbnail_NoImage.ubulk" 287
"../../../Engine/Content/EditorMaterials/ParticleSystems/PSysThumbnail_OOD.uasset" 288
"../../../Engine/Content/EditorMaterials/ParticleSystems/PSysThumbnail_OOD.uexp" 289
"../../../Engine/Content/EditorMaterials/ParticleSystems/PSysThumbnail_OOD.ubulk" 290
"../../../Engine/Content/EditorMaterials/Camera/CineMat.uasset" 291
"../../../Engine/Content/EditorMaterials/Camera/CineMat.uexp" 292
"../../../Engine/Content/EditorMaterials/Camera/MI_CineMat_Rig.uasset" 293
"../../../Engine/Content/EditorMaterials/Camera/MI_CineMat_Rig.uexp" 294
"../../../Engine/Content/EditorMeshes/Camera/SM_CraneRig_Arm.uasset" 295
"../../../Engine/Content/EditorMeshes/Camera/SM_CraneRig_Arm.uexp" 296
"../../../Engine/Content/EditorMeshes/Camera/SM_CraneRig_Base.uasset" 297
"../../../Engine/Content/EditorMeshes/Camera/SM_CraneRig_Base.uexp" 298
"../../../Engine/Content/EditorMeshes/Camera/SM_CraneRig_Body.uasset" 299
"../../../Engine/Content/EditorMeshes/Camera/SM_CraneRig_Body.uexp" 300
"../../../Engine/Content/EditorMeshes/Camera/SM_CraneRig_Mount.uasset" 301
"../../../Engine/Content/EditorMeshes/Camera/SM_CraneRig_Mount.uexp" 302
"../../../Engine/Content/EditorMeshes/Camera/SM_RailRig_Mount.uasset" 303
"../../../Engine/Content/EditorMeshes/Camera/SM_RailRig_Mount.uexp" 304
"../../../Engine/Content/EditorMeshes/Camera/SM_RailRig_Track.uasset" 305
"../../../Engine/Content/EditorMeshes/Camera/SM_RailRig_Track.uexp" 306
"../../../Engine/Content/EditorResources/BSPVertex.uasset" 307
"../../../Engine/Content/EditorResources/BSPVertex.uexp" 308
"../../../Engine/Content/EditorResources/EmptyActor.uasset" 309
"../../../Engine/Content/EditorResources/EmptyActor.uexp" 310
"../../../Engine/Content/EditorResources/S_Actor.uasset" 311
"../../../Engine/Content/EditorResources/S_Actor.uexp" 312
"../../../Engine/Content/EditorResources/S_Actor.ubulk" 313
"../../../Engine/Content/EditorResources/S_Note.uasset" 314
"../../../Engine/Content/EditorResources/S_Note.uexp" 315
"../../../Engine/Content/EditorResources/S_Note.ubulk" 316
"../../../Engine/Content/EditorResources/S_Solver.uasset" 317
"../../../Engine/Content/EditorResources/S_Solver.uexp" 318
"../../../Engine/Content/EditorResources/S_Solver.ubulk" 319
"../../../Engine/Content/EditorResources/S_Terrain.uasset" 320
"../../../Engine/Content/EditorResources/S_Terrain.uexp" 321
"../../../Engine/Content/EditorResources/S_Terrain.ubulk" 322
"../../../Engine/Content/EditorResources/S_Trigger.uasset" 323
"../../../Engine/Content/EditorResources/S_Trigger.uexp" 324
"../../../Engine/Content/EditorResources/S_Trigger.ubulk" 325
"../../../Engine/Content/EditorResources/AudioIcons/S_AudioComponent.uasset" 326
"../../../Engine/Content/EditorResources/AudioIcons/S_AudioComponent.uexp" 327
"../../../Engine/Content/EditorResources/AudioIcons/S_AudioComponent.ubulk" 328
"../../../Engine/Content/EditorResources/AudioIcons/S_AudioComponent_AutoActivate.uasset" 329
"../../../Engine/Content/EditorResources/AudioIcons/S_AudioComponent_AutoActivate.uexp" 330
"../../../Engine/Content/EditorResources/AudioIcons/S_AudioComponent_AutoActivate.ubulk" 331
"../../../Engine/Content/EditorResources/SequenceRecorder/Countdown.uasset" 332
"../../../Engine/Content/EditorResources/SequenceRecorder/Countdown.uexp" 333
"../../../Engine/Content/EditorResources/SequenceRecorder/RecordingIndicator.uasset" 334
"../../../Engine/Content/EditorResources/SequenceRecorder/RecordingIndicator.uexp" 335
"../../../Engine/Content/EngineDamageTypes/DmgTypeBP_Environmental.uasset" 336
"../../../Engine/Content/EngineDamageTypes/DmgTypeBP_Environmental.uexp" 337
"../../../Engine/Content/EngineDebugMaterials/DebugEditorMaterial.uasset" 338
"../../../Engine/Content/EngineDebugMaterials/DebugEditorMaterial.uexp" 339
"../../../Engine/Content/EngineDebugMaterials/DebugMeshMaterial.uasset" 340
"../../../Engine/Content/EngineDebugMaterials/DebugMeshMaterial.uexp" 341
"../../../Engine/Content/EngineDebugMaterials/M_SimpleUnlitTranslucent.uasset" 342
"../../../Engine/Content/EngineDebugMaterials/M_SimpleUnlitTranslucent.uexp" 343
"../../../Engine/Content/EngineDebugMaterials/VolumeToRender.uasset" 344
"../../../Engine/Content/EngineDebugMaterials/VolumeToRender.uexp" 345
"../../../Engine/Content/Functions/Engine_MaterialFunctions02/Utility/CameraDirectionVector.uasset" 346
"../../../Engine/Content/Functions/Engine_MaterialFunctions02/Utility/CameraDirectionVector.uexp" 347
"../../../Engine/Content/EngineDebugMaterials/M_VolumeRenderSphereTracePP.uasset" 348
"../../../Engine/Content/EngineDebugMaterials/M_VolumeRenderSphereTracePP.uexp" 349
"../../../Engine/Content/Functions/Engine_MaterialFunctions01/Shading/ConvertFromDiffSpec.uasset" 350
"../../../Engine/Content/Functions/Engine_MaterialFunctions01/Shading/ConvertFromDiffSpec.uexp" 351
"../../../Engine/Content/EngineDebugMaterials/VertexColorMaterial.uasset" 352
"../../../Engine/Content/EngineDebugMaterials/VertexColorMaterial.uexp" 353
"../../../Engine/Content/EngineDebugMaterials/WireframeMaterial.uasset" 354
"../../../Engine/Content/EngineDebugMaterials/WireframeMaterial.uexp" 355
"../../../Engine/Content/EngineFonts/Faces/RobotoRegular.uasset" 356
"../../../Engine/Content/EngineFonts/Faces/RobotoRegular.uexp" 357
"../../../Engine/Content/EngineFonts/Faces/RobotoRegular.ufont" 358
"../../../Engine/Content/EngineFonts/Faces/RobotoLight.uasset" 359
"../../../Engine/Content/EngineFonts/Faces/RobotoLight.uexp" 360
"../../../Engine/Content/EngineFonts/Faces/RobotoLight.ufont" 361
"../../../Engine/Content/EngineFonts/Faces/RobotoItalic.uasset" 362
"../../../Engine/Content/EngineFonts/Faces/RobotoItalic.uexp" 363
"../../../Engine/Content/EngineFonts/Faces/RobotoItalic.ufont" 364
"../../../Engine/Content/EngineFonts/Faces/RobotoBoldItalic.uasset" 365
"../../../Engine/Content/EngineFonts/Faces/RobotoBoldItalic.uexp" 366
"../../../Engine/Content/EngineFonts/Faces/RobotoBoldItalic.ufont" 367
"../../../Engine/Content/EngineFonts/Faces/RobotoBold.uasset" 368
"../../../Engine/Content/EngineFonts/Faces/RobotoBold.uexp" 369
"../../../Engine/Content/EngineFonts/Faces/RobotoBold.ufont" 370
"../../../Engine/Content/EngineFonts/Faces/DroidSansFallback.uasset" 371
"../../../Engine/Content/EngineFonts/Faces/DroidSansFallback.uexp" 372
"../../../Engine/Content/EngineFonts/Faces/DroidSansFallback.ufont" 373
"../../../Engine/Content/EngineFonts/Roboto.uasset" 374
"../../../Engine/Content/EngineFonts/Roboto.uexp" 375
"../../../Engine/Content/EngineMaterials/BaseFlattenNormalMap.uasset" 376
"../../../Engine/Content/EngineMaterials/BaseFlattenNormalMap.uexp" 377
"../../../Engine/Content/EngineMaterials/BaseFlattenGrayscaleMap.uasset" 378
"../../../Engine/Content/EngineMaterials/BaseFlattenGrayscaleMap.uexp" 379
"../../../Engine/Content/EngineMaterials/BaseFlattenEmissiveMap.uasset" 380
"../../../Engine/Content/EngineMaterials/BaseFlattenEmissiveMap.uexp" 381
"../../../Engine/Content/EngineMaterials/BaseFlattenDiffuseMap.uasset" 382
"../../../Engine/Content/EngineMaterials/BaseFlattenDiffuseMap.uexp" 383
"../../../Engine/Content/EngineMaterials/BaseFlattenMaterial.uasset" 384
"../../../Engine/Content/EngineMaterials/BaseFlattenMaterial.uexp" 385
"../../../Engine/Content/EngineMaterials/BlueNoise.uasset" 386
"../../../Engine/Content/EngineMaterials/BlueNoise.uexp" 387
"../../../Engine/Content/EngineMaterials/DefaultBloomKernel.uasset" 388
"../../../Engine/Content/EngineMaterials/DefaultBloomKernel.uexp" 389
"../../../Engine/Content/EngineMaterials/DefaultBokeh.uasset" 390
"../../../Engine/Content/EngineMaterials/DefaultBokeh.uexp" 391
"../../../Engine/Content/EngineMaterials/DefaultDiffuse.uasset" 392
"../../../Engine/Content/EngineMaterials/DefaultDiffuse.uexp" 393
"../../../Engine/Content/EngineMaterials/DefaultDiffuse.ubulk" 394
"../../../Engine/Content/EngineMaterials/DefaultDeferredDecalMaterial.uasset" 395
"../../../Engine/Content/EngineMaterials/DefaultDeferredDecalMaterial.uexp" 396
"../../../Engine/Content/EngineMaterials/DefaultLightFunctionMaterial.uasset" 397
"../../../Engine/Content/EngineMaterials/DefaultLightFunctionMaterial.uexp" 398
"../../../Engine/Content/Functions/Engine_MaterialFunctions02/Utility/BreakOutFloat2Components.uasset" 399
"../../../Engine/Content/Functions/Engine_MaterialFunctions02/Utility/BreakOutFloat2Components.uexp" 400
"../../../Engine/Content/EngineMaterials/DefaultPostProcessMaterial.uasset" 401
"../../../Engine/Content/EngineMaterials/DefaultPostProcessMaterial.uexp" 402
"../../../Engine/Content/EngineFonts/RobotoDistanceField.uasset" 403
"../../../Engine/Content/EngineFonts/RobotoDistanceField.uexp" 404
"../../../Engine/Content/EngineMaterials/DefaultTextMaterialOpaque.uasset" 405
"../../../Engine/Content/EngineMaterials/DefaultTextMaterialOpaque.uexp" 406
"../../../Engine/Content/EngineMaterials/DefaultWhiteGrid.uasset" 407
"../../../Engine/Content/EngineMaterials/DefaultWhiteGrid.uexp" 408
"../../../Engine/Content/EngineMaterials/DefaultWhiteGrid.ubulk" 409
"../../../Engine/Content/EngineMaterials/DefaultWhiteGrid_Low.uasset" 410
"../../../Engine/Content/EngineMaterials/DefaultWhiteGrid_Low.uexp" 411
"../../../Engine/Content/EngineMaterials/EmissiveMeshMaterial.uasset" 412
"../../../Engine/Content/EngineMaterials/EmissiveMeshMaterial.uexp" 413
"../../../Engine/Content/EngineMaterials/GizmoMaterial.uasset" 414
"../../../Engine/Content/EngineMaterials/GizmoMaterial.uexp" 415
"../../../Engine/Content/EngineMaterials/Good64x64TilingNoiseHighFreq.uasset" 416
"../../../Engine/Content/EngineMaterials/Good64x64TilingNoiseHighFreq.uexp" 417
"../../../Engine/Content/EngineMaterials/MiniFont.uasset" 418
"../../../Engine/Content/EngineMaterials/MiniFont.uexp" 419
"../../../Engine/Content/EngineMaterials/InvalidLightmapSettings.uasset" 420
"../../../Engine/Content/EngineMaterials/InvalidLightmapSettings.uexp" 421
"../../../Engine/Content/EngineMaterials/InvalidLightmapSettings.ubulk" 422
"../../../Engine/Content/EngineMaterials/M_InvalidLightmapSettings.uasset" 423
"../../../Engine/Content/EngineMaterials/M_InvalidLightmapSettings.uexp" 424
"../../../Engine/Content/Functions/Engine_MaterialFunctions02/WorldPositionOffset/CameraOffset.uasset" 425
"../../../Engine/Content/Functions/Engine_MaterialFunctions02/WorldPositionOffset/CameraOffset.uexp" 426
"../../../Engine/Content/EngineMaterials/PhAT_JointLimitMaterial.uasset" 427
"../../../Engine/Content/EngineMaterials/PhAT_JointLimitMaterial.uexp" 428
"../../../Engine/Content/EngineMaterials/DefaultCalibrationColor.uasset" 429
"../../../Engine/Content/EngineMaterials/DefaultCalibrationColor.uexp" 430
"../../../Engine/Content/EngineMaterials/PPM_DefaultCalibrationColor.uasset" 431
"../../../Engine/Content/EngineMaterials/PPM_DefaultCalibrationColor.uexp" 432
"../../../Engine/Content/EngineMaterials/DefaultCalibrationGrayscale.uasset" 433
"../../../Engine/Content/EngineMaterials/DefaultCalibrationGrayscale.uexp" 434
"../../../Engine/Content/EngineMaterials/PPM_DefaultCalibrationGrayscale.uasset" 435
"../../../Engine/Content/EngineMaterials/PPM_DefaultCalibrationGrayscale.uexp" 436
"../../../Engine/Content/EngineMaterials/PreintegratedSkinBRDF.uasset" 437
"../../../Engine/Content/EngineMaterials/PreintegratedSkinBRDF.uexp" 438
"../../../Engine/Content/EngineMaterials/RemoveSurfaceMaterial.uasset" 439
"../../../Engine/Content/EngineMaterials/RemoveSurfaceMaterial.uexp" 440
"../../../Engine/Content/EngineMaterials/WeightMapPlaceholderTexture.uasset" 441
"../../../Engine/Content/EngineMaterials/WeightMapPlaceholderTexture.uexp" 442
"../../../Engine/Content/EngineResources/WhiteSquareTexture.uasset" 443
"../../../Engine/Content/EngineResources/WhiteSquareTexture.uexp" 444
"../../../Engine/Content/EngineMaterials/Widget3DPassThrough.uasset" 445
"../../../Engine/Content/EngineMaterials/Widget3DPassThrough.uexp" 446
"../../../Engine/Content/EngineMaterials/Widget3DPassThrough_Masked.uasset" 447
"../../../Engine/Content/EngineMaterials/Widget3DPassThrough_Masked.uexp" 448
"../../../Engine/Content/EngineMaterials/Widget3DPassThrough_Opaque.uasset" 449
"../../../Engine/Content/EngineMaterials/Widget3DPassThrough_Opaque.uexp" 450
"../../../Engine/Content/EngineMaterials/Widget3DPassThrough_Masked_OneSided.uasset" 451
"../../../Engine/Content/EngineMaterials/Widget3DPassThrough_Masked_OneSided.uexp" 452
"../../../Engine/Content/EngineMaterials/Widget3DPassThrough_Opaque_OneSided.uasset" 453
"../../../Engine/Content/EngineMaterials/Widget3DPassThrough_Opaque_OneSided.uexp" 454
"../../../Engine/Content/EngineMaterials/Widget3DPassThrough_Translucent.uasset" 455
"../../../Engine/Content/EngineMaterials/Widget3DPassThrough_Translucent.uexp" 456
"../../../Engine/Content/EngineMaterials/Widget3DPassThrough_Translucent_OneSided.uasset" 457
"../../../Engine/Content/EngineMaterials/Widget3DPassThrough_Translucent_OneSided.uexp" 458
"../../../Engine/Content/EngineMeshes/Cube.uasset" 459
"../../../Engine/Content/EngineMeshes/Cube.uexp" 460
"../../../Engine/Content/EngineMeshes/Cylinder.uasset" 461
"../../../Engine/Content/EngineMeshes/Cylinder.uexp" 462
"../../../Engine/Content/EngineMeshes/Sphere.uasset" 463
"../../../Engine/Content/EngineMeshes/Sphere.uexp" 464
"../../../Engine/Content/EngineResources/DefaultTexture.uasset" 465
"../../../Engine/Content/EngineResources/DefaultTexture.uexp" 466
"../../../Engine/Content/EngineResources/DefaultTexture.ubulk" 467
"../../../Engine/Content/EngineResources/DefaultTextureCube.uasset" 468
"../../../Engine/Content/EngineResources/DefaultTextureCube.uexp" 469
"../../../Engine/Content/EngineResources/DefaultVolumeTexture2D.uasset" 470
"../../../Engine/Content/EngineResources/DefaultVolumeTexture2D.uexp" 471
"../../../Engine/Content/EngineResources/DefaultVolumeTexture.uasset" 472
"../../../Engine/Content/EngineResources/DefaultVolumeTexture.uexp" 473
"../../../Engine/Content/EngineResources/GradientTexture0.uasset" 474
"../../../Engine/Content/EngineResources/GradientTexture0.uexp" 475
"../../../Engine/Content/EngineSky/VolumetricClouds/T_NoiseShape64.uasset" 476
"../../../Engine/Content/EngineSky/VolumetricClouds/T_NoiseShape64.uexp" 477
"../../../Engine/Content/EngineSky/VolumetricClouds/T_NoiseShape64.ubulk" 478
"../../../Engine/Content/EngineSky/VolumetricClouds/T_VolumeNoiseShape64.uasset" 479
"../../../Engine/Content/EngineSky/VolumetricClouds/T_VolumeNoiseShape64.uexp" 480
"../../../Engine/Content/EngineSky/VolumetricClouds/T_NoiseErosion.uasset" 481
"../../../Engine/Content/EngineSky/VolumetricClouds/T_NoiseErosion.uexp" 482
"../../../Engine/Content/EngineSky/VolumetricClouds/T_NoiseErosion.ubulk" 483
"../../../Engine/Content/EngineSky/VolumetricClouds/T_VolumeNoiseErosion32.uasset" 484
"../../../Engine/Content/EngineSky/VolumetricClouds/T_VolumeNoiseErosion32.uexp" 485
"../../../Engine/Content/EngineSky/VolumetricClouds/CloudWeatherTexture.uasset" 486
"../../../Engine/Content/EngineSky/VolumetricClouds/CloudWeatherTexture.uexp" 487
"../../../Engine/Content/EngineSky/VolumetricClouds/CloudGradientTexture.uasset" 488
"../../../Engine/Content/EngineSky/VolumetricClouds/CloudGradientTexture.uexp" 489
"../../../Engine/Content/Functions/Engine_MaterialFunctions02/Utility/MakeFloat2.uasset" 490
"../../../Engine/Content/Functions/Engine_MaterialFunctions02/Utility/MakeFloat2.uexp" 491
"../../../Engine/Content/EngineSky/VolumetricClouds/m_SimpleVolumetricCloud.uasset" 492
"../../../Engine/Content/EngineSky/VolumetricClouds/m_SimpleVolumetricCloud.uexp" 493
"../../../Engine/Content/EngineSky/VolumetricClouds/m_SimpleVolumetricCloud_Inst.uasset" 494
"../../../Engine/Content/EngineSky/VolumetricClouds/m_SimpleVolumetricCloud_Inst.uexp" 495
"../../../Engine/Content/EngineSounds/Master.uasset" 496
"../../../Engine/Content/EngineSounds/Master.uexp" 497
"../../../Engine/Content/Functions/Engine_MaterialFunctions01/Shading/PowerToRoughness.uasset" 498
"../../../Engine/Content/Functions/Engine_MaterialFunctions01/Shading/PowerToRoughness.uexp" 499
"../../../Engine/Content/Maps/Templates/Thumbnails/Default.uasset" 500
"../../../Engine/Content/Maps/Templates/Thumbnails/Default.uexp" 501
"../../../Engine/Content/Maps/Templates/Thumbnails/TimeOfDay.uasset" 502
"../../../Engine/Content/Maps/Templates/Thumbnails/TimeOfDay.uexp" 503
"../../../Engine/Content/Maps/Templates/Thumbnails/VR-Basic.uasset" 504
"../../../Engine/Content/Maps/Templates/Thumbnails/VR-Basic.uexp" 505
"../../../Engine/Content/MobileResources/T_MobileControls_texture.uasset" 506
"../../../Engine/Content/MobileResources/T_MobileControls_texture.uexp" 507
"../../../Engine/Content/MobileResources/T_MobileMenu2.uasset" 508
"../../../Engine/Content/MobileResources/T_MobileMenu2.uexp" 509
"../../../Engine/Content/MobileResources/HUD/AnalogHat.uasset" 510
"../../../Engine/Content/MobileResources/HUD/AnalogHat.uexp" 511
"../../../Engine/Content/MobileResources/HUD/VirtualJoystick_Thumb.uasset" 512
"../../../Engine/Content/MobileResources/HUD/VirtualJoystick_Thumb.uexp" 513
"../../../Engine/Content/MobileResources/HUD/VirtualJoystick_Background.uasset" 514
"../../../Engine/Content/MobileResources/HUD/VirtualJoystick_Background.uexp" 515
"../../../Engine/Content/MobileResources/HUD/DefaultVirtualJoysticks.uasset" 516
"../../../Engine/Content/MobileResources/HUD/DefaultVirtualJoysticks.uexp" 517
"../../../Engine/Content/MobileResources/HUD/LeftVirtualJoystickOnly.uasset" 518
"../../../Engine/Content/MobileResources/HUD/LeftVirtualJoystickOnly.uexp" 519
"../../../Engine/Content/MobileResources/HUD/MobileHUDButton1_off.uasset" 520
"../../../Engine/Content/MobileResources/HUD/MobileHUDButton1_off.uexp" 521
"../../../Engine/Content/MobileResources/HUD/MobileHUDButton1_on.uasset" 522
"../../../Engine/Content/MobileResources/HUD/MobileHUDButton1_on.uexp" 523
"../../../Engine/Content/MobileResources/HUD/MobileHUDButton2_off.uasset" 524
"../../../Engine/Content/MobileResources/HUD/MobileHUDButton2_off.uexp" 525
"../../../Engine/Content/MobileResources/HUD/MobileHUDButton2_on.uasset" 526
"../../../Engine/Content/MobileResources/HUD/MobileHUDButton2_on.uexp" 527
"../../../Engine/Content/MobileResources/HUD/MobileHUDButton3.uasset" 528
"../../../Engine/Content/MobileResources/HUD/MobileHUDButton3.uexp" 529
"../../../Engine/Content/MobileResources/HUD/MobileHUDButtonFire.uasset" 530
"../../../Engine/Content/MobileResources/HUD/MobileHUDButtonFire.uexp" 531
"../../../Engine/Content/MobileResources/HUD/MobileHUDDirectionPad.uasset" 532
"../../../Engine/Content/MobileResources/HUD/MobileHUDDirectionPad.uexp" 533
"../../../Engine/Content/MobileResources/HUD/MobileHUDDirectionPad2.uasset" 534
"../../../Engine/Content/MobileResources/HUD/MobileHUDDirectionPad2.uexp" 535
"../../../Engine/Content/MobileResources/HUD/MobileHUDDirectionPad3.uasset" 536
"../../../Engine/Content/MobileResources/HUD/MobileHUDDirectionPad3.uexp" 537
"../../../Engine/Content/MobileResources/HUD/MobileHUDDirectionStick.uasset" 538
"../../../Engine/Content/MobileResources/HUD/MobileHUDDirectionStick.uexp" 539
"../../../Engine/Content/MobileResources/HUD/T_Castle_ThumbstickInner.uasset" 540
"../../../Engine/Content/MobileResources/HUD/T_Castle_ThumbstickInner.uexp" 541
"../../../Engine/Content/MobileResources/HUD/T_Castle_ThumbstickOutter.uasset" 542
"../../../Engine/Content/MobileResources/HUD/T_Castle_ThumbstickOutter.uexp" 543
"../../../Engine/Content/Tutorial/ContentIntroCurve.uasset" 544
"../../../Engine/Content/Tutorial/ContentIntroCurve.uexp" 545
"../../../Engine/Content/VREditor/TransformGizmo/TranslucentTransformGizmoMaterial.uasset" 546
"../../../Engine/Content/VREditor/TransformGizmo/TranslucentTransformGizmoMaterial.uexp" 547
"../../../Engine/Content/VREditor/LaserPointer/VR_LaserPower_01.uasset" 548
"../../../Engine/Content/VREditor/LaserPointer/VR_LaserPower_01.uexp" 549
"../../../Engine/Content/VREditor/LaserPointer/VR_LaserPower_01.ubulk" 550
"../../../Engine/Content/VREditor/TransformGizmo/TransformGizmoMaterial.uasset" 551
"../../../Engine/Content/VREditor/TransformGizmo/TransformGizmoMaterial.uexp" 552
"../../../Engine/Content/VREditor/TransformGizmo/BoundingBoxCorner.uasset" 553
"../../../Engine/Content/VREditor/TransformGizmo/BoundingBoxCorner.uexp" 554
"../../../Engine/Content/VREditor/TransformGizmo/BoundingBoxEdge.uasset" 555
"../../../Engine/Content/VREditor/TransformGizmo/BoundingBoxEdge.uexp" 556
"../../../Engine/Content/VREditor/TransformGizmo/PlaneTranslationHandle.uasset" 557
"../../../Engine/Content/VREditor/TransformGizmo/PlaneTranslationHandle.uexp" 558
"../../../Engine/Content/VREditor/TransformGizmo/Xray.uasset" 559
"../../../Engine/Content/VREditor/TransformGizmo/Xray.uexp" 560
"../../../Engine/Content/VREditor/TransformGizmo/Main.uasset" 561
"../../../Engine/Content/VREditor/TransformGizmo/Main.uexp" 562
"../../../Engine/Content/VREditor/TransformGizmo/SM_Sequencer_Key.uasset" 563
"../../../Engine/Content/VREditor/TransformGizmo/SM_Sequencer_Key.uexp" 564
"../../../Engine/Content/VREditor/TransformGizmo/SM_Sequencer_Node.uasset" 565
"../../../Engine/Content/VREditor/TransformGizmo/SM_Sequencer_Node.uexp" 566
"../../../Engine/Plugins/2D/Paper2D/Content/PlaceholderTextures/DummySpriteTexture.uasset" 567
"../../../Engine/Plugins/2D/Paper2D/Content/PlaceholderTextures/DummySpriteTexture.uexp" 568
"../../../Engine/Plugins/2D/Paper2D/Content/PlaceholderTextures/DummySpriteTexture.ubulk" 569
"../../../Engine/Plugins/2D/Paper2D/Content/DummySprite.uasset" 570
"../../../Engine/Plugins/2D/Paper2D/Content/DummySprite.uexp" 571
"../../../Engine/Plugins/2D/Paper2D/Content/DefaultPaperTerrainMaterial.uasset" 572
"../../../Engine/Plugins/2D/Paper2D/Content/DefaultPaperTerrainMaterial.uexp" 573
"../../../Engine/Plugins/2D/Paper2D/Content/DefaultSpriteMaterial.uasset" 574
"../../../Engine/Plugins/2D/Paper2D/Content/DefaultSpriteMaterial.uexp" 575
"../../../Engine/Plugins/2D/Paper2D/Content/MaskedUnlitSpriteMaterial.uasset" 576
"../../../Engine/Plugins/2D/Paper2D/Content/MaskedUnlitSpriteMaterial.uexp" 577
"../../../Engine/Plugins/2D/Paper2D/Content/OpaqueUnlitSpriteMaterial.uasset" 578
"../../../Engine/Plugins/2D/Paper2D/Content/OpaqueUnlitSpriteMaterial.uexp" 579
"../../../Engine/Content/Functions/Engine_MaterialFunctions02/Utility/VectorLength.uasset" 580
"../../../Engine/Content/Functions/Engine_MaterialFunctions02/Utility/VectorLength.uexp" 581
"../../../Engine/Content/Functions/Engine_MaterialFunctions02/WorldPositionOffset/ObjectScale.uasset" 582
"../../../Engine/Content/Functions/Engine_MaterialFunctions02/WorldPositionOffset/ObjectScale.uexp" 583
"../../../Engine/Content/Functions/Engine_MaterialFunctions02/Utility/BreakOutFloat3Components.uasset" 584
"../../../Engine/Content/Functions/Engine_MaterialFunctions02/Utility/BreakOutFloat3Components.uexp" 585
"../../../Engine/Plugins/Editor/SpeedTreeImporter/Content/SpeedTree9/UnpackInteger3.uasset" 586
"../../../Engine/Plugins/Editor/SpeedTreeImporter/Content/SpeedTree9/UnpackInteger3.uexp" 587
"../../../Engine/Plugins/Editor/SpeedTreeImporter/Content/SpeedTree9/UnpackDirection.uasset" 588
"../../../Engine/Plugins/Editor/SpeedTreeImporter/Content/SpeedTree9/UnpackDirection.uexp" 589
"../../../Engine/Plugins/Editor/SpeedTreeImporter/Content/SpeedTree9/game_wind_noise.uasset" 590
"../../../Engine/Plugins/Editor/SpeedTreeImporter/Content/SpeedTree9/game_wind_noise.uexp" 591
"../../../Engine/Plugins/Editor/SpeedTreeImporter/Content/SpeedTree9/game_wind_noise.ubulk" 592
"../../../Engine/Content/Functions/Engine_MaterialFunctions02/SafeNormalize.uasset" 593
"../../../Engine/Content/Functions/Engine_MaterialFunctions02/SafeNormalize.uexp" 594
"../../../Engine/Plugins/Editor/SpeedTreeImporter/Content/SpeedTree9/SpeedTreeWindMotion.uasset" 595
"../../../Engine/Plugins/Editor/SpeedTreeImporter/Content/SpeedTree9/SpeedTreeWindMotion.uexp" 596
"../../../Engine/Plugins/Editor/SpeedTreeImporter/Content/SpeedTree9/SpeedTreeBranchMotion.uasset" 597
"../../../Engine/Plugins/Editor/SpeedTreeImporter/Content/SpeedTree9/SpeedTreeBranchMotion.uexp" 598
"../../../Engine/Content/Functions/Engine_MaterialFunctions02/ObjectLocalBounds.uasset" 599
"../../../Engine/Content/Functions/Engine_MaterialFunctions02/ObjectLocalBounds.uexp" 600
"../../../Engine/Content/Functions/Engine_MaterialFunctions02/UVs/BoundingBoxBased_0-1_UVW.uasset" 601
"../../../Engine/Content/Functions/Engine_MaterialFunctions02/UVs/BoundingBoxBased_0-1_UVW.uexp" 602
"../../../Engine/Plugins/Editor/SpeedTreeImporter/Content/SpeedTree9/SpeedTreeWind.uasset" 603
"../../../Engine/Plugins/Editor/SpeedTreeImporter/Content/SpeedTree9/SpeedTreeWind.uexp" 604
"../../../Engine/Plugins/Editor/SpeedTreeImporter/Content/SpeedTree9/SpeedTreeBillboard.uasset" 605
"../../../Engine/Plugins/Editor/SpeedTreeImporter/Content/SpeedTree9/SpeedTreeBillboard.uexp" 606
"../../../Engine/Plugins/Editor/SpeedTreeImporter/Content/SpeedTree9/EmptyNormal.uasset" 607
"../../../Engine/Plugins/Editor/SpeedTreeImporter/Content/SpeedTree9/EmptyNormal.uexp" 608
"../../../Engine/Plugins/Editor/SpeedTreeImporter/Content/SpeedTree9/Empty.uasset" 609
"../../../Engine/Plugins/Editor/SpeedTreeImporter/Content/SpeedTree9/Empty.uexp" 610
"../../../Engine/Plugins/Editor/SpeedTreeImporter/Content/SpeedTree9/SpeedTreeBillboardMaster.uasset" 611
"../../../Engine/Plugins/Editor/SpeedTreeImporter/Content/SpeedTree9/SpeedTreeBillboardMaster.uexp" 612
"../../../Engine/Plugins/Editor/SpeedTreeImporter/Content/SpeedTree9/SpeedTreeCameraFacing.uasset" 613
"../../../Engine/Plugins/Editor/SpeedTreeImporter/Content/SpeedTree9/SpeedTreeCameraFacing.uexp" 614
"../../../Engine/Plugins/Editor/SpeedTreeImporter/Content/SpeedTree9/SpeedTreeMaster.uasset" 615
"../../../Engine/Plugins/Editor/SpeedTreeImporter/Content/SpeedTree9/SpeedTreeMaster.uexp" 616
"../../../Engine/Content/BasicShapes/Cylinder.uasset" 617
"../../../Engine/Content/BasicShapes/Cylinder.uexp" 618
"../../../Engine/Content/ArtTools/RenderToTexture/Materials/Debug/M_Emissive_Color.uasset" 619
"../../../Engine/Content/ArtTools/RenderToTexture/Materials/Debug/M_Emissive_Color.uexp" 620
"../../../Engine/Plugins/Lumin/MagicLeapPassableWorld/Content/MagicLeapARPinInfoActor.uasset" 621
"../../../Engine/Plugins/Lumin/MagicLeapPassableWorld/Content/MagicLeapARPinInfoActor.uexp" 622
"../../../Engine/Plugins/Runtime/OpenXR/Content/Devices/GoogleDaydream/MRTexture.uasset" 623
"../../../Engine/Plugins/Runtime/OpenXR/Content/Devices/GoogleDaydream/MRTexture.uexp" 624
"../../../Engine/Plugins/Runtime/OpenXR/Content/Devices/GoogleDaydream/MRTexture.ubulk" 625
"../../../Engine/Plugins/Runtime/OpenXR/Content/Devices/GoogleDaydream/BaseTexture.uasset" 626
"../../../Engine/Plugins/Runtime/OpenXR/Content/Devices/GoogleDaydream/BaseTexture.uexp" 627
"../../../Engine/Plugins/Runtime/OpenXR/Content/Devices/GoogleDaydream/BaseTexture.ubulk" 628
"../../../Engine/Content/EngineResources/Black.uasset" 629
"../../../Engine/Content/EngineResources/Black.uexp" 630
"../../../Engine/Plugins/Runtime/OpenXR/Content/Devices/M_XRController.uasset" 631
"../../../Engine/Plugins/Runtime/OpenXR/Content/Devices/M_XRController.uexp" 632
"../../../Engine/Plugins/Runtime/OpenXR/Content/Devices/GoogleDaydream/MI_GoogleDaydream.uasset" 633
"../../../Engine/Plugins/Runtime/OpenXR/Content/Devices/GoogleDaydream/MI_GoogleDaydream.uexp" 634
"../../../Engine/Plugins/Runtime/OpenXR/Content/Devices/GoogleDaydream/GoogleDaydreamController.uasset" 635
"../../../Engine/Plugins/Runtime/OpenXR/Content/Devices/GoogleDaydream/GoogleDaydreamController.uexp" 636
"../../../Engine/Plugins/Runtime/OpenXR/Content/Devices/HTCVive/BaseTexture.uasset" 637
"../../../Engine/Plugins/Runtime/OpenXR/Content/Devices/HTCVive/BaseTexture.uexp" 638
"../../../Engine/Plugins/Runtime/OpenXR/Content/Devices/HTCVive/BaseTexture.ubulk" 639
"../../../Engine/Plugins/Runtime/OpenXR/Content/Devices/HTCVive/MI_HTCVive.uasset" 640
"../../../Engine/Plugins/Runtime/OpenXR/Content/Devices/HTCVive/MI_HTCVive.uexp" 641
"../../../Engine/Plugins/Runtime/OpenXR/Content/Devices/HTCVive/HTCViveController.uasset" 642
"../../../Engine/Plugins/Runtime/OpenXR/Content/Devices/HTCVive/HTCViveController.uexp" 643
"../../../Engine/Plugins/Runtime/OpenXR/Content/Devices/MicrosoftMixedReality/NormalTexture.uasset" 644
"../../../Engine/Plugins/Runtime/OpenXR/Content/Devices/MicrosoftMixedReality/NormalTexture.uexp" 645
"../../../Engine/Plugins/Runtime/OpenXR/Content/Devices/MicrosoftMixedReality/NormalTexture.ubulk" 646
"../../../Engine/Plugins/Runtime/OpenXR/Content/Devices/MicrosoftMixedReality/MRTexture.uasset" 647
"../../../Engine/Plugins/Runtime/OpenXR/Content/Devices/MicrosoftMixedReality/MRTexture.uexp" 648
"../../../Engine/Plugins/Runtime/OpenXR/Content/Devices/MicrosoftMixedReality/MRTexture.ubulk" 649
"../../../Engine/Plugins/Runtime/OpenXR/Content/Devices/MicrosoftMixedReality/EmissiveTexture.uasset" 650
"../../../Engine/Plugins/Runtime/OpenXR/Content/Devices/MicrosoftMixedReality/EmissiveTexture.uexp" 651
"../../../Engine/Plugins/Runtime/OpenXR/Content/Devices/MicrosoftMixedReality/EmissiveTexture.ubulk" 652
"../../../Engine/Plugins/Runtime/OpenXR/Content/Devices/MicrosoftMixedReality/BaseTexture.uasset" 653
"../../../Engine/Plugins/Runtime/OpenXR/Content/Devices/MicrosoftMixedReality/BaseTexture.uexp" 654
"../../../Engine/Plugins/Runtime/OpenXR/Content/Devices/MicrosoftMixedReality/BaseTexture.ubulk" 655
"../../../Engine/Plugins/Runtime/OpenXR/Content/Devices/MicrosoftMixedReality/MI_MicrosoftMixedReality.uasset" 656
"../../../Engine/Plugins/Runtime/OpenXR/Content/Devices/MicrosoftMixedReality/MI_MicrosoftMixedReality.uexp" 657
"../../../Engine/Plugins/Runtime/OpenXR/Content/Devices/MicrosoftMixedReality/Left/left_MicrosoftMixedRealityController.uasset" 658
"../../../Engine/Plugins/Runtime/OpenXR/Content/Devices/MicrosoftMixedReality/Left/left_MicrosoftMixedRealityController.uexp" 659
"../../../Engine/Plugins/Runtime/OpenXR/Content/Devices/MicrosoftMixedReality/Right/right_MicrosoftMixedRealityController.uasset" 660
"../../../Engine/Plugins/Runtime/OpenXR/Content/Devices/MicrosoftMixedReality/Right/right_MicrosoftMixedRealityController.uexp" 661
"../../../Engine/Plugins/Runtime/OpenXR/Content/Devices/OculusGo/BaseTexture.uasset" 662
"../../../Engine/Plugins/Runtime/OpenXR/Content/Devices/OculusGo/BaseTexture.uexp" 663
"../../../Engine/Plugins/Runtime/OpenXR/Content/Devices/OculusGo/BaseTexture.ubulk" 664
"../../../Engine/Plugins/Runtime/OpenXR/Content/Devices/OculusGo/MI_OculusGo.uasset" 665
"../../../Engine/Plugins/Runtime/OpenXR/Content/Devices/OculusGo/MI_OculusGo.uexp" 666
"../../../Engine/Plugins/Runtime/OpenXR/Content/Devices/OculusGo/OculusGoController.uasset" 667
"../../../Engine/Plugins/Runtime/OpenXR/Content/Devices/OculusGo/OculusGoController.uexp" 668
"../../../Engine/Plugins/Runtime/OpenXR/Content/Devices/OculusTouch/MRTexture.uasset" 669
"../../../Engine/Plugins/Runtime/OpenXR/Content/Devices/OculusTouch/MRTexture.uexp" 670
"../../../Engine/Plugins/Runtime/OpenXR/Content/Devices/OculusTouch/MRTexture.ubulk" 671
"../../../Engine/Plugins/Runtime/OpenXR/Content/Devices/OculusTouch/BaseTexture.uasset" 672
"../../../Engine/Plugins/Runtime/OpenXR/Content/Devices/OculusTouch/BaseTexture.uexp" 673
"../../../Engine/Plugins/Runtime/OpenXR/Content/Devices/OculusTouch/BaseTexture.ubulk" 674
"../../../Engine/Plugins/Runtime/OpenXR/Content/Devices/OculusTouch/MI_OculusTouch.uasset" 675
"../../../Engine/Plugins/Runtime/OpenXR/Content/Devices/OculusTouch/MI_OculusTouch.uexp" 676
"../../../Engine/Plugins/Runtime/OpenXR/Content/Devices/OculusTouch/Left/left_OculusTouchController.uasset" 677
"../../../Engine/Plugins/Runtime/OpenXR/Content/Devices/OculusTouch/Left/left_OculusTouchController.uexp" 678
"../../../Engine/Plugins/Runtime/OpenXR/Content/Devices/OculusTouch/Right/right_OculusTouchController.uasset" 679
"../../../Engine/Plugins/Runtime/OpenXR/Content/Devices/OculusTouch/Right/right_OculusTouchController.uexp" 680
"../../../Engine/Plugins/Runtime/OpenXR/Content/Devices/OculusTouch_v2/MRTexture.uasset" 681
"../../../Engine/Plugins/Runtime/OpenXR/Content/Devices/OculusTouch_v2/MRTexture.uexp" 682
"../../../Engine/Plugins/Runtime/OpenXR/Content/Devices/OculusTouch_v2/MRTexture.ubulk" 683
"../../../Engine/Plugins/Runtime/OpenXR/Content/Devices/OculusTouch_v2/BaseTexture.uasset" 684
"../../../Engine/Plugins/Runtime/OpenXR/Content/Devices/OculusTouch_v2/BaseTexture.uexp" 685
"../../../Engine/Plugins/Runtime/OpenXR/Content/Devices/OculusTouch_v2/BaseTexture.ubulk" 686
"../../../Engine/Plugins/Runtime/OpenXR/Content/Devices/OculusTouch_v2/MI_OculusTouch_v2.uasset" 687
"../../../Engine/Plugins/Runtime/OpenXR/Content/Devices/OculusTouch_v2/MI_OculusTouch_v2.uexp" 688
"../../../Engine/Plugins/Runtime/OpenXR/Content/Devices/OculusTouch_v2/Left/left_OculusTouch_v2Controller.uasset" 689
"../../../Engine/Plugins/Runtime/OpenXR/Content/Devices/OculusTouch_v2/Left/left_OculusTouch_v2Controller.uexp" 690
"../../../Engine/Plugins/Runtime/OpenXR/Content/Devices/OculusTouch_v2/Right/right_OculusTouch_v2Controller.uasset" 691
"../../../Engine/Plugins/Runtime/OpenXR/Content/Devices/OculusTouch_v2/Right/right_OculusTouch_v2Controller.uexp" 692
"../../../Engine/Plugins/Runtime/OpenXR/Content/Devices/OculusTouch_v3/MRTexture.uasset" 693
"../../../Engine/Plugins/Runtime/OpenXR/Content/Devices/OculusTouch_v3/MRTexture.uexp" 694
"../../../Engine/Plugins/Runtime/OpenXR/Content/Devices/OculusTouch_v3/MRTexture.ubulk" 695
"../../../Engine/Plugins/Runtime/OpenXR/Content/Devices/OculusTouch_v3/BaseTexture.uasset" 696
"../../../Engine/Plugins/Runtime/OpenXR/Content/Devices/OculusTouch_v3/BaseTexture.uexp" 697
"../../../Engine/Plugins/Runtime/OpenXR/Content/Devices/OculusTouch_v3/BaseTexture.ubulk" 698
"../../../Engine/Plugins/Runtime/OpenXR/Content/Devices/OculusTouch_v3/MI_OculusTouch_v3.uasset" 699
"../../../Engine/Plugins/Runtime/OpenXR/Content/Devices/OculusTouch_v3/MI_OculusTouch_v3.uexp" 700
"../../../Engine/Plugins/Runtime/OpenXR/Content/Devices/OculusTouch_v3/Left/left_OculusTouch_v3Controller.uasset" 701
"../../../Engine/Plugins/Runtime/OpenXR/Content/Devices/OculusTouch_v3/Left/left_OculusTouch_v3Controller.uexp" 702
"../../../Engine/Plugins/Runtime/OpenXR/Content/Devices/OculusTouch_v3/Right/right_OculusTouch_v3Controller.uasset" 703
"../../../Engine/Plugins/Runtime/OpenXR/Content/Devices/OculusTouch_v3/Right/right_OculusTouch_v3Controller.uexp" 704
"../../../Engine/Plugins/Runtime/OpenXR/Content/Devices/ValveIndex/MRTexture.uasset" 705
"../../../Engine/Plugins/Runtime/OpenXR/Content/Devices/ValveIndex/MRTexture.uexp" 706
"../../../Engine/Plugins/Runtime/OpenXR/Content/Devices/ValveIndex/MRTexture.ubulk" 707
"../../../Engine/Plugins/Runtime/OpenXR/Content/Devices/ValveIndex/BaseTexture.uasset" 708
"../../../Engine/Plugins/Runtime/OpenXR/Content/Devices/ValveIndex/BaseTexture.uexp" 709
"../../../Engine/Plugins/Runtime/OpenXR/Content/Devices/ValveIndex/BaseTexture.ubulk" 710
"../../../Engine/Plugins/Runtime/OpenXR/Content/Devices/ValveIndex/Left/MI_left_ValveIndex.uasset" 711
"../../../Engine/Plugins/Runtime/OpenXR/Content/Devices/ValveIndex/Left/MI_left_ValveIndex.uexp" 712
"../../../Engine/Plugins/Runtime/OpenXR/Content/Devices/ValveIndex/Left/left_ValveIndexController.uasset" 713
"../../../Engine/Plugins/Runtime/OpenXR/Content/Devices/ValveIndex/Left/left_ValveIndexController.uexp" 714
"../../../Engine/Plugins/Runtime/OpenXR/Content/Devices/ValveIndex/Right/MI_right_ValveIndex.uasset" 715
"../../../Engine/Plugins/Runtime/OpenXR/Content/Devices/ValveIndex/Right/MI_right_ValveIndex.uexp" 716
"../../../Engine/Plugins/Runtime/OpenXR/Content/Devices/ValveIndex/Right/right_ValveIndexController.uasset" 717
"../../../Engine/Plugins/Runtime/OpenXR/Content/Devices/ValveIndex/Right/right_ValveIndexController.uexp" 718
"../../../Engine/Content/Functions/Engine_MaterialFunctions02/Utility/BreakOutFloat4Components.uasset" 719
"../../../Engine/Content/Functions/Engine_MaterialFunctions02/Utility/BreakOutFloat4Components.uexp" 720
"../../../Engine/Content/Functions/Engine_MaterialFunctions02/Utility/MakeFloat3.uasset" 721
"../../../Engine/Content/Functions/Engine_MaterialFunctions02/Utility/MakeFloat3.uexp" 722
"../../../Engine/Plugins/Runtime/Oculus/OculusVR/Content/Materials/OculusMR_ChromaKey.uasset" 723
"../../../Engine/Plugins/Runtime/Oculus/OculusVR/Content/Materials/OculusMR_ChromaKey.uexp" 724
"../../../Engine/Plugins/Runtime/Oculus/OculusVR/Content/Materials/OculusMR_OpaqueColoredMaterial.uasset" 725
"../../../Engine/Plugins/Runtime/Oculus/OculusVR/Content/Materials/OculusMR_OpaqueColoredMaterial.uexp" 726
"../../../Engine/Plugins/Runtime/Oculus/OculusVR/Content/Materials/PokeAHoleMaterial.uasset" 727
"../../../Engine/Plugins/Runtime/Oculus/OculusVR/Content/Materials/PokeAHoleMaterial.uexp" 728
"../../../Engine/Plugins/Runtime/Oculus/OculusVR/Content/Textures/touchController_controlmap.uasset" 729
"../../../Engine/Plugins/Runtime/Oculus/OculusVR/Content/Textures/touchController_controlmap.uexp" 730
"../../../Engine/Plugins/Runtime/Oculus/OculusVR/Content/Textures/touchController_controlmap.ubulk" 731
"../../../Engine/Plugins/Runtime/Oculus/OculusVR/Content/Textures/touchController_albedo.uasset" 732
"../../../Engine/Plugins/Runtime/Oculus/OculusVR/Content/Textures/touchController_albedo.uexp" 733
"../../../Engine/Plugins/Runtime/Oculus/OculusVR/Content/Textures/touchController_albedo.ubulk" 734
"../../../Engine/Plugins/Runtime/Oculus/OculusVR/Content/Materials/touchController_mat.uasset" 735
"../../../Engine/Plugins/Runtime/Oculus/OculusVR/Content/Materials/touchController_mat.uexp" 736
"../../../Engine/Plugins/Runtime/Oculus/OculusVR/Content/Meshes/LeftTouchController.uasset" 737
"../../../Engine/Plugins/Runtime/Oculus/OculusVR/Content/Meshes/LeftTouchController.uexp" 738
"../../../Engine/Plugins/Runtime/Oculus/OculusVR/Content/Textures/TouchForQuestRiftSController_albedo.uasset" 739
"../../../Engine/Plugins/Runtime/Oculus/OculusVR/Content/Textures/TouchForQuestRiftSController_albedo.uexp" 740
"../../../Engine/Plugins/Runtime/Oculus/OculusVR/Content/Textures/TouchForQuestRiftSController_albedo.ubulk" 741
"../../../Engine/Plugins/Runtime/Oculus/OculusVR/Content/Materials/TouchForQuestRiftSControllerMaterial.uasset" 742
"../../../Engine/Plugins/Runtime/Oculus/OculusVR/Content/Materials/TouchForQuestRiftSControllerMaterial.uexp" 743
"../../../Engine/Plugins/Runtime/Oculus/OculusVR/Content/Meshes/LeftTouchForQuestRiftSController.uasset" 744
"../../../Engine/Plugins/Runtime/Oculus/OculusVR/Content/Meshes/LeftTouchForQuestRiftSController.uexp" 745
"../../../Engine/Plugins/Runtime/Oculus/OculusVR/Content/Meshes/RiftHMD.uasset" 746
"../../../Engine/Plugins/Runtime/Oculus/OculusVR/Content/Meshes/RiftHMD.uexp" 747
"../../../Engine/Plugins/Runtime/Oculus/OculusVR/Content/Meshes/RightTouchController.uasset" 748
"../../../Engine/Plugins/Runtime/Oculus/OculusVR/Content/Meshes/RightTouchController.uexp" 749
"../../../Engine/Plugins/Runtime/Oculus/OculusVR/Content/Meshes/RightTouchForQuestRiftSController.uasset" 750
"../../../Engine/Plugins/Runtime/Oculus/OculusVR/Content/Meshes/RightTouchForQuestRiftSController.uexp" 751
"C:/Users/s210293/Documents/GitHub/TargetShooterGameJam/Content/Sounds/The-Gunfight-Everet-Almond.uasset" 752
"C:/Users/s210293/Documents/GitHub/TargetShooterGameJam/Content/Sounds/The-Gunfight-Everet-Almond.uexp" 753
"C:/Users/s210293/Documents/GitHub/TargetShooterGameJam/Content/Sounds/Coin_01.uasset" 754
"C:/Users/s210293/Documents/GitHub/TargetShooterGameJam/Content/Sounds/Coin_01.uexp" 755
"C:/Users/s210293/Documents/GitHub/TargetShooterGameJam/Content/Meshes/SM_yellowBarrel.uasset" 756
"C:/Users/s210293/Documents/GitHub/TargetShooterGameJam/Content/Meshes/SM_yellowBarrel.uexp" 757
"C:/Users/s210293/Documents/GitHub/TargetShooterGameJam/Content/Meshes/SM_woodCrate.uasset" 758
"C:/Users/s210293/Documents/GitHub/TargetShooterGameJam/Content/Meshes/SM_woodCrate.uexp" 759
"C:/Users/s210293/Documents/GitHub/TargetShooterGameJam/Content/Meshes/SM_wallVentRound.uasset" 760
"C:/Users/s210293/Documents/GitHub/TargetShooterGameJam/Content/Meshes/SM_wallVentRound.uexp" 761
"C:/Users/s210293/Documents/GitHub/TargetShooterGameJam/Content/Meshes/SM_wallPipe.uasset" 762
"C:/Users/s210293/Documents/GitHub/TargetShooterGameJam/Content/Meshes/SM_wallPipe.uexp" 763
"C:/Users/s210293/Documents/GitHub/TargetShooterGameJam/Content/Meshes/SM_wallDeco2.uasset" 764
"C:/Users/s210293/Documents/GitHub/TargetShooterGameJam/Content/Meshes/SM_wallDeco2.uexp" 765
"C:/Users/s210293/Documents/GitHub/TargetShooterGameJam/Content/Meshes/SM_wallDeco1.uasset" 766
"C:/Users/s210293/Documents/GitHub/TargetShooterGameJam/Content/Meshes/SM_wallDeco1.uexp" 767
"C:/Users/s210293/Documents/GitHub/TargetShooterGameJam/Content/Meshes/SM_wallAC.uasset" 768
"C:/Users/s210293/Documents/GitHub/TargetShooterGameJam/Content/Meshes/SM_wallAC.uexp" 769
"C:/Users/s210293/Documents/GitHub/TargetShooterGameJam/Content/Meshes/SM_wall03.uasset" 770
"C:/Users/s210293/Documents/GitHub/TargetShooterGameJam/Content/Meshes/SM_wall03.uexp" 771
"C:/Users/s210293/Documents/GitHub/TargetShooterGameJam/Content/Meshes/SM_wall02.uasset" 772
"C:/Users/s210293/Documents/GitHub/TargetShooterGameJam/Content/Meshes/SM_wall02.uexp" 773
"C:/Users/s210293/Documents/GitHub/TargetShooterGameJam/Content/Meshes/SM_wall01.uasset" 774
"C:/Users/s210293/Documents/GitHub/TargetShooterGameJam/Content/Meshes/SM_wall01.uexp" 775
"C:/Users/s210293/Documents/GitHub/TargetShooterGameJam/Content/Meshes/SM_tallBox.uasset" 776
"C:/Users/s210293/Documents/GitHub/TargetShooterGameJam/Content/Meshes/SM_tallBox.uexp" 777
"C:/Users/s210293/Documents/GitHub/TargetShooterGameJam/Content/Meshes/SM_shortBox.uasset" 778
"C:/Users/s210293/Documents/GitHub/TargetShooterGameJam/Content/Meshes/SM_shortBox.uexp" 779
"C:/Users/s210293/Documents/GitHub/TargetShooterGameJam/Content/Meshes/SM_roofThing.uasset" 780
"C:/Users/s210293/Documents/GitHub/TargetShooterGameJam/Content/Meshes/SM_roofThing.uexp" 781
"C:/Users/s210293/Documents/GitHub/TargetShooterGameJam/Content/Meshes/SM_redBarrel.uasset" 782
"C:/Users/s210293/Documents/GitHub/TargetShooterGameJam/Content/Meshes/SM_redBarrel.uexp" 783
"C:/Users/s210293/Documents/GitHub/TargetShooterGameJam/Content/Meshes/SM_radioTower.uasset" 784
"C:/Users/s210293/Documents/GitHub/TargetShooterGameJam/Content/Meshes/SM_radioTower.uexp" 785
"C:/Users/s210293/Documents/GitHub/TargetShooterGameJam/Content/Meshes/SM_Planet.uasset" 786
"C:/Users/s210293/Documents/GitHub/TargetShooterGameJam/Content/Meshes/SM_Planet.uexp" 787
"C:/Users/s210293/Documents/GitHub/TargetShooterGameJam/Content/Meshes/SM_longBox.uasset" 788
"C:/Users/s210293/Documents/GitHub/TargetShooterGameJam/Content/Meshes/SM_longBox.uexp" 789
"../../../Engine/Content/Functions/Engine_MaterialFunctions01/WorldPositionOffset/SimpleGrassWind.uasset" 790
"../../../Engine/Content/Functions/Engine_MaterialFunctions01/WorldPositionOffset/SimpleGrassWind.uexp" 791
"C:/Users/s210293/Documents/GitHub/TargetShooterGameJam/Content/Materials/M_Grass.uasset" 792
"C:/Users/s210293/Documents/GitHub/TargetShooterGameJam/Content/Materials/M_Grass.uexp" 793
"C:/Users/s210293/Documents/GitHub/TargetShooterGameJam/Content/Meshes/SM_grass.uasset" 794
"C:/Users/s210293/Documents/GitHub/TargetShooterGameJam/Content/Meshes/SM_grass.uexp" 795
"C:/Users/s210293/Documents/GitHub/TargetShooterGameJam/Content/Materials/M_Emission.uasset" 796
"C:/Users/s210293/Documents/GitHub/TargetShooterGameJam/Content/Materials/M_Emission.uexp" 797
"C:/Users/s210293/Documents/GitHub/TargetShooterGameJam/Content/Materials/MI_Blue.uasset" 798
"C:/Users/s210293/Documents/GitHub/TargetShooterGameJam/Content/Materials/MI_Blue.uexp" 799
"C:/Users/s210293/Documents/GitHub/TargetShooterGameJam/Content/Meshes/SM_gauntlet.uasset" 800
"C:/Users/s210293/Documents/GitHub/TargetShooterGameJam/Content/Meshes/SM_gauntlet.uexp" 801
"C:/Users/s210293/Documents/GitHub/TargetShooterGameJam/Content/Meshes/SM_controlPanel.uasset" 802
"C:/Users/s210293/Documents/GitHub/TargetShooterGameJam/Content/Meshes/SM_controlPanel.uexp" 803
"C:/Users/s210293/Documents/GitHub/TargetShooterGameJam/Content/Meshes/SM_alienShrub.uasset" 804
"C:/Users/s210293/Documents/GitHub/TargetShooterGameJam/Content/Meshes/SM_alienShrub.uexp" 805
"C:/Users/s210293/Documents/GitHub/TargetShooterGameJam/Content/Materials/Sand_normal.uasset" 806
"C:/Users/s210293/Documents/GitHub/TargetShooterGameJam/Content/Materials/Sand_normal.uexp" 807
"C:/Users/s210293/Documents/GitHub/TargetShooterGameJam/Content/Materials/Sand_normal.ubulk" 808
"C:/Users/s210293/Documents/GitHub/TargetShooterGameJam/Content/Materials/Sand_basecolor.uasset" 809
"C:/Users/s210293/Documents/GitHub/TargetShooterGameJam/Content/Materials/Sand_basecolor.uexp" 810
"C:/Users/s210293/Documents/GitHub/TargetShooterGameJam/Content/Materials/Sand_basecolor.ubulk" 811
"C:/Users/s210293/Documents/GitHub/TargetShooterGameJam/Content/Environment/Ground.uasset" 812
"C:/Users/s210293/Documents/GitHub/TargetShooterGameJam/Content/Environment/Ground.uexp" 813
"C:/Users/s210293/Documents/GitHub/TargetShooterGameJam/Content/Blueprints/Widgets/ScoreboardRow.uasset" 814
"C:/Users/s210293/Documents/GitHub/TargetShooterGameJam/Content/Blueprints/Widgets/ScoreboardRow.uexp" 815
"C:/Users/s210293/Documents/GitHub/TargetShooterGameJam/Content/Blueprints/MyPlayerState.uasset" 816
"C:/Users/s210293/Documents/GitHub/TargetShooterGameJam/Content/Blueprints/MyPlayerState.uexp" 817
"C:/Users/s210293/Documents/GitHub/TargetShooterGameJam/Content/Blueprints/Widgets/MyHUD.uasset" 818
"C:/Users/s210293/Documents/GitHub/TargetShooterGameJam/Content/Blueprints/Widgets/MyHUD.uexp" 819
"C:/Users/s210293/Documents/GitHub/TargetShooterGameJam/Content/Textures/ResumeButton.uasset" 820
"C:/Users/s210293/Documents/GitHub/TargetShooterGameJam/Content/Textures/ResumeButton.uexp" 821
"C:/Users/s210293/Documents/GitHub/TargetShooterGameJam/Content/Textures/QuitButton.uasset" 822
"C:/Users/s210293/Documents/GitHub/TargetShooterGameJam/Content/Textures/QuitButton.uexp" 823
"C:/Users/s210293/Documents/GitHub/TargetShooterGameJam/Content/Blueprints/Widgets/ServerRow.uasset" 824
"C:/Users/s210293/Documents/GitHub/TargetShooterGameJam/Content/Blueprints/Widgets/ServerRow.uexp" 825
"C:/Users/s210293/Documents/GitHub/TargetShooterGameJam/Content/Blueprints/Widgets/ServerList.uasset" 826
"C:/Users/s210293/Documents/GitHub/TargetShooterGameJam/Content/Blueprints/Widgets/ServerList.uexp" 827
"C:/Users/s210293/Documents/GitHub/TargetShooterGameJam/Content/Textures/Title_Logo.uasset" 828
"C:/Users/s210293/Documents/GitHub/TargetShooterGameJam/Content/Textures/Title_Logo.uexp" 829
"C:/Users/s210293/Documents/GitHub/TargetShooterGameJam/Content/Textures/StartButton.uasset" 830
"C:/Users/s210293/Documents/GitHub/TargetShooterGameJam/Content/Textures/StartButton.uexp" 831
"C:/Users/s210293/Documents/GitHub/TargetShooterGameJam/Content/Textures/Screenshot_2022-07-20_101222.uasset" 832
"C:/Users/s210293/Documents/GitHub/TargetShooterGameJam/Content/Textures/Screenshot_2022-07-20_101222.uexp" 833
"C:/Users/s210293/Documents/GitHub/TargetShooterGameJam/Content/Blueprints/Widgets/MainMenu.uasset" 834
"C:/Users/s210293/Documents/GitHub/TargetShooterGameJam/Content/Blueprints/Widgets/MainMenu.uexp" 835
"C:/Users/s210293/Documents/GitHub/TargetShooterGameJam/Content/Blueprints/Widgets/LoadingScreen.uasset" 836
"C:/Users/s210293/Documents/GitHub/TargetShooterGameJam/Content/Blueprints/Widgets/LoadingScreen.uexp" 837
"C:/Users/s210293/Documents/GitHub/TargetShooterGameJam/Content/Blueprints/Widgets/ErrorDialog.uasset" 838
"C:/Users/s210293/Documents/GitHub/TargetShooterGameJam/Content/Blueprints/Widgets/ErrorDialog.uexp" 839
"C:/Users/s210293/Documents/GitHub/TargetShooterGameJam/Content/Blueprints/State.uasset" 840
"C:/Users/s210293/Documents/GitHub/TargetShooterGameJam/Content/Blueprints/State.uexp" 841
"C:/Users/s210293/Documents/GitHub/TargetShooterGameJam/Content/Blueprints/MyGameInstance.uasset" 842
"C:/Users/s210293/Documents/GitHub/TargetShooterGameJam/Content/Blueprints/MyGameInstance.uexp" 843
"C:/Users/s210293/Documents/GitHub/TargetShooterGameJam/Content/Blueprints/Widgets/InGameMenu.uasset" 844
"C:/Users/s210293/Documents/GitHub/TargetShooterGameJam/Content/Blueprints/Widgets/InGameMenu.uexp" 845
"C:/Users/s210293/Documents/GitHub/TargetShooterGameJam/Content/Sounds/Reload.uasset" 846
"C:/Users/s210293/Documents/GitHub/TargetShooterGameJam/Content/Sounds/Reload.uexp" 847
"C:/Users/s210293/Documents/GitHub/TargetShooterGameJam/Content/Sounds/Randomize_03.uasset" 848
"C:/Users/s210293/Documents/GitHub/TargetShooterGameJam/Content/Sounds/Randomize_03.uexp" 849
"C:/Users/s210293/Documents/GitHub/TargetShooterGameJam/Content/Sounds/Gunshot.uasset" 850
"C:/Users/s210293/Documents/GitHub/TargetShooterGameJam/Content/Sounds/Gunshot.uexp" 851
"C:/Users/s210293/Documents/GitHub/TargetShooterGameJam/Content/Sounds/Gun_Aim.uasset" 852
"C:/Users/s210293/Documents/GitHub/TargetShooterGameJam/Content/Sounds/Gun_Aim.uexp" 853
"C:/Users/s210293/Documents/GitHub/TargetShooterGameJam/Content/Sounds/Click_01.uasset" 854
"C:/Users/s210293/Documents/GitHub/TargetShooterGameJam/Content/Sounds/Click_01.uexp" 855
"C:/Users/s210293/Documents/GitHub/TargetShooterGameJam/Content/Meshes/SM_mask.uasset" 856
"C:/Users/s210293/Documents/GitHub/TargetShooterGameJam/Content/Meshes/SM_mask.uexp" 857
"C:/Users/s210293/Documents/GitHub/TargetShooterGameJam/Content/Materials/MI_bullSkull.uasset" 858
"C:/Users/s210293/Documents/GitHub/TargetShooterGameJam/Content/Materials/MI_bullSkull.uexp" 859
"C:/Users/s210293/Documents/GitHub/TargetShooterGameJam/Content/Meshes/SM_bullSkull.uasset" 860
"C:/Users/s210293/Documents/GitHub/TargetShooterGameJam/Content/Meshes/SM_bullSkull.uexp" 861
"C:/Users/s210293/Documents/GitHub/TargetShooterGameJam/Content/Materials/MI_Gun.uasset" 862
"C:/Users/s210293/Documents/GitHub/TargetShooterGameJam/Content/Materials/MI_Gun.uexp" 863
"C:/Users/s210293/Documents/GitHub/TargetShooterGameJam/Content/Meshes/SciFiPistol.uasset" 864
"C:/Users/s210293/Documents/GitHub/TargetShooterGameJam/Content/Meshes/SciFiPistol.uexp" 865
"C:/Users/s210293/Documents/GitHub/TargetShooterGameJam/Content/Materials/M_Hat.uasset" 866
"C:/Users/s210293/Documents/GitHub/TargetShooterGameJam/Content/Materials/M_Hat.uexp" 867
"C:/Users/s210293/Documents/GitHub/TargetShooterGameJam/Content/Materials/M_Hat_Inst.uasset" 868
"C:/Users/s210293/Documents/GitHub/TargetShooterGameJam/Content/Materials/M_Hat_Inst.uexp" 869
"C:/Users/s210293/Documents/GitHub/TargetShooterGameJam/Content/Meshes/Hat.uasset" 870
"C:/Users/s210293/Documents/GitHub/TargetShooterGameJam/Content/Meshes/Hat.uexp" 871
"C:/Users/s210293/Documents/GitHub/TargetShooterGameJam/Content/Gunslinger/SK_Cowboy_PhysicsAsset.uasset" 872
"C:/Users/s210293/Documents/GitHub/TargetShooterGameJam/Content/Gunslinger/SK_Cowboy_PhysicsAsset.uexp" 873
"C:/Users/s210293/Documents/GitHub/TargetShooterGameJam/Content/Materials/M_Cape.uasset" 874
"C:/Users/s210293/Documents/GitHub/TargetShooterGameJam/Content/Materials/M_Cape.uexp" 875
"C:/Users/s210293/Documents/GitHub/TargetShooterGameJam/Content/Gunslinger/SC_Base_color_1001.uasset" 876
"C:/Users/s210293/Documents/GitHub/TargetShooterGameJam/Content/Gunslinger/SC_Base_color_1001.uexp" 877
"C:/Users/s210293/Documents/GitHub/TargetShooterGameJam/Content/Gunslinger/SC_Base_color_1001.ubulk" 878
"C:/Users/s210293/Documents/GitHub/TargetShooterGameJam/Content/Gunslinger/M_CB.uasset" 879
"C:/Users/s210293/Documents/GitHub/TargetShooterGameJam/Content/Gunslinger/M_CB.uexp" 880
"C:/Users/s210293/Documents/GitHub/TargetShooterGameJam/Content/Gunslinger/SK_Cowboy.uasset" 881
"C:/Users/s210293/Documents/GitHub/TargetShooterGameJam/Content/Gunslinger/SK_Cowboy.uexp" 882
"C:/Users/s210293/Documents/GitHub/TargetShooterGameJam/Content/Animations/Gunslinger_Unholster.uasset" 883
"C:/Users/s210293/Documents/GitHub/TargetShooterGameJam/Content/Animations/Gunslinger_Unholster.uexp" 884
"C:/Users/s210293/Documents/GitHub/TargetShooterGameJam/Content/Animations/Gunslinger_Ready.uasset" 885
"C:/Users/s210293/Documents/GitHub/TargetShooterGameJam/Content/Animations/Gunslinger_Ready.uexp" 886
"C:/Users/s210293/Documents/GitHub/TargetShooterGameJam/Content/Animations/Gunslinger_PullBack.uasset" 887
"C:/Users/s210293/Documents/GitHub/TargetShooterGameJam/Content/Animations/Gunslinger_PullBack.uexp" 888
"C:/Users/s210293/Documents/GitHub/TargetShooterGameJam/Content/Animations/Gunslinger_Fire.uasset" 889
"C:/Users/s210293/Documents/GitHub/TargetShooterGameJam/Content/Animations/Gunslinger_Fire.uexp" 890
"C:/Users/s210293/Documents/GitHub/TargetShooterGameJam/Content/Animations/Gunslinger_Draw.uasset" 891
"C:/Users/s210293/Documents/GitHub/TargetShooterGameJam/Content/Animations/Gunslinger_Draw.uexp" 892
"C:/Users/s210293/Documents/GitHub/TargetShooterGameJam/Content/Animations/Gunslinger_Aim_UR.uasset" 893
"C:/Users/s210293/Documents/GitHub/TargetShooterGameJam/Content/Animations/Gunslinger_Aim_UR.uexp" 894
"C:/Users/s210293/Documents/GitHub/TargetShooterGameJam/Content/Animations/Gunslinger_Aim_UL.uasset" 895
"C:/Users/s210293/Documents/GitHub/TargetShooterGameJam/Content/Animations/Gunslinger_Aim_UL.uexp" 896
"C:/Users/s210293/Documents/GitHub/TargetShooterGameJam/Content/Animations/Gunslinger_Aim_UC.uasset" 897
"C:/Users/s210293/Documents/GitHub/TargetShooterGameJam/Content/Animations/Gunslinger_Aim_UC.uexp" 898
"C:/Users/s210293/Documents/GitHub/TargetShooterGameJam/Content/Animations/Gunslinger_Aim_DR.uasset" 899
"C:/Users/s210293/Documents/GitHub/TargetShooterGameJam/Content/Animations/Gunslinger_Aim_DR.uexp" 900
"C:/Users/s210293/Documents/GitHub/TargetShooterGameJam/Content/Animations/Gunslinger_Aim_DL.uasset" 901
"C:/Users/s210293/Documents/GitHub/TargetShooterGameJam/Content/Animations/Gunslinger_Aim_DL.uexp" 902
"C:/Users/s210293/Documents/GitHub/TargetShooterGameJam/Content/Animations/Gunslinger_Aim_DC.uasset" 903
"C:/Users/s210293/Documents/GitHub/TargetShooterGameJam/Content/Animations/Gunslinger_Aim_DC.uexp" 904
"C:/Users/s210293/Documents/GitHub/TargetShooterGameJam/Content/Animations/Gunslinger_Aim_CR.uasset" 905
"C:/Users/s210293/Documents/GitHub/TargetShooterGameJam/Content/Animations/Gunslinger_Aim_CR.uexp" 906
"C:/Users/s210293/Documents/GitHub/TargetShooterGameJam/Content/Animations/Gunslinger_Aim_CL.uasset" 907
"C:/Users/s210293/Documents/GitHub/TargetShooterGameJam/Content/Animations/Gunslinger_Aim_CL.uexp" 908
"C:/Users/s210293/Documents/GitHub/TargetShooterGameJam/Content/Animations/Gunslinger_Aim_CC.uasset" 909
"C:/Users/s210293/Documents/GitHub/TargetShooterGameJam/Content/Animations/Gunslinger_Aim_CC.uexp" 910
"C:/Users/s210293/Documents/GitHub/TargetShooterGameJam/Content/Animations/AimOffset_Gunslinger.uasset" 911
"C:/Users/s210293/Documents/GitHub/TargetShooterGameJam/Content/Animations/AimOffset_Gunslinger.uexp" 912
"C:/Users/s210293/Documents/GitHub/TargetShooterGameJam/Content/Gunslinger/Gunslinger_AnimBP.uasset" 913
"C:/Users/s210293/Documents/GitHub/TargetShooterGameJam/Content/Gunslinger/Gunslinger_AnimBP.uexp" 914
"C:/Users/s210293/Documents/GitHub/TargetShooterGameJam/Content/Sounds/Randomize_08.uasset" 915
"C:/Users/s210293/Documents/GitHub/TargetShooterGameJam/Content/Sounds/Randomize_08.uexp" 916
"../../../Engine/Content/EditorBlueprintResources/ActorMacros.uasset" 917
"../../../Engine/Content/EditorBlueprintResources/ActorMacros.uexp" 918
"C:/Users/s210293/Documents/GitHub/TargetShooterGameJam/Content/Blueprints/CamShake_01.uasset" 919
"C:/Users/s210293/Documents/GitHub/TargetShooterGameJam/Content/Blueprints/CamShake_01.uexp" 920
"C:/Users/s210293/Documents/GitHub/TargetShooterGameJam/Content/Sounds/Hit_01.uasset" 921
"C:/Users/s210293/Documents/GitHub/TargetShooterGameJam/Content/Sounds/Hit_01.uexp" 922
"C:/Users/s210293/Documents/GitHub/TargetShooterGameJam/Content/Sounds/SoundCue_Attentuated.uasset" 923
"C:/Users/s210293/Documents/GitHub/TargetShooterGameJam/Content/Sounds/SoundCue_Attentuated.uexp" 924
"C:/Users/s210293/Documents/GitHub/TargetShooterGameJam/Content/Sounds/Randomize_01.uasset" 925
"C:/Users/s210293/Documents/GitHub/TargetShooterGameJam/Content/Sounds/Randomize_01.uexp" 926
"C:/Users/s210293/Documents/GitHub/TargetShooterGameJam/Content/Meshes/Sphere.uasset" 927
"C:/Users/s210293/Documents/GitHub/TargetShooterGameJam/Content/Meshes/Sphere.uexp" 928
"C:/Users/s210293/Documents/GitHub/TargetShooterGameJam/Content/Effects/P_Hit.uasset" 929
"C:/Users/s210293/Documents/GitHub/TargetShooterGameJam/Content/Effects/P_Hit.uexp" 930
"C:/Users/s210293/Documents/GitHub/TargetShooterGameJam/Content/Blueprints/BP_Projectile.uasset" 931
"C:/Users/s210293/Documents/GitHub/TargetShooterGameJam/Content/Blueprints/BP_Projectile.uexp" 932
"C:/Users/s210293/Documents/GitHub/TargetShooterGameJam/Content/Textures/MuzzleFlash.uasset" 933
"C:/Users/s210293/Documents/GitHub/TargetShooterGameJam/Content/Textures/MuzzleFlash.uexp" 934
"C:/Users/s210293/Documents/GitHub/TargetShooterGameJam/Content/Textures/MuzzleFlash.ubulk" 935
"C:/Users/s210293/Documents/GitHub/TargetShooterGameJam/Content/Materials/M_MuzzleFlash.uasset" 936
"C:/Users/s210293/Documents/GitHub/TargetShooterGameJam/Content/Materials/M_MuzzleFlash.uexp" 937
"C:/Users/s210293/Documents/GitHub/TargetShooterGameJam/Content/Materials/M_MuzzleFlash_Inst.uasset" 938
"C:/Users/s210293/Documents/GitHub/TargetShooterGameJam/Content/Materials/M_MuzzleFlash_Inst.uexp" 939
"C:/Users/s210293/Documents/GitHub/TargetShooterGameJam/Content/Effects/P_MuzzleFlash.uasset" 940
"C:/Users/s210293/Documents/GitHub/TargetShooterGameJam/Content/Effects/P_MuzzleFlash.uexp" 941
"C:/Users/s210293/Documents/GitHub/TargetShooterGameJam/Content/Blueprints/BP_MuzzleFlash.uasset" 942
"C:/Users/s210293/Documents/GitHub/TargetShooterGameJam/Content/Blueprints/BP_MuzzleFlash.uexp" 943
"C:/Users/s210293/Documents/GitHub/TargetShooterGameJam/Content/Animations/Gunslinger_Hit_01.uasset" 944
"C:/Users/s210293/Documents/GitHub/TargetShooterGameJam/Content/Animations/Gunslinger_Hit_01.uexp" 945
"C:/Users/s210293/Documents/GitHub/TargetShooterGameJam/Content/Gunslinger/Gunslinger_BP.uasset" 946
"C:/Users/s210293/Documents/GitHub/TargetShooterGameJam/Content/Gunslinger/Gunslinger_BP.uexp" 947
"C:/Users/s210293/Documents/GitHub/TargetShooterGameJam/Content/Blueprints/MyGameState.uasset" 948
"C:/Users/s210293/Documents/GitHub/TargetShooterGameJam/Content/Blueprints/MyGameState.uexp" 949
"C:/Users/s210293/Documents/GitHub/TargetShooterGameJam/Content/Blueprints/MyGameMode.uasset" 950
"C:/Users/s210293/Documents/GitHub/TargetShooterGameJam/Content/Blueprints/MyGameMode.uexp" 951
"C:/Users/s210293/Documents/GitHub/TargetShooterGameJam/Content/Blueprints/Widgets/GameOVer.uasset" 952
"C:/Users/s210293/Documents/GitHub/TargetShooterGameJam/Content/Blueprints/Widgets/GameOVer.uexp" 953
"C:/Users/s210293/Documents/GitHub/TargetShooterGameJam/Content/Textures/Red.uasset" 954
"C:/Users/s210293/Documents/GitHub/TargetShooterGameJam/Content/Textures/Red.uexp" 955
"C:/Users/s210293/Documents/GitHub/TargetShooterGameJam/Content/Textures/Blue.uasset" 956
"C:/Users/s210293/Documents/GitHub/TargetShooterGameJam/Content/Textures/Blue.uexp" 957
"C:/Users/s210293/Documents/GitHub/TargetShooterGameJam/Content/Textures/Background.uasset" 958
"C:/Users/s210293/Documents/GitHub/TargetShooterGameJam/Content/Textures/Background.uexp" 959
"C:/Users/s210293/Documents/GitHub/TargetShooterGameJam/Content/Blueprints/Widgets/AmmoWidget.uasset" 960
"C:/Users/s210293/Documents/GitHub/TargetShooterGameJam/Content/Blueprints/Widgets/AmmoWidget.uexp" 961
"C:/Users/s210293/Documents/GitHub/TargetShooterGameJam/Content/Blueprints/MyPlayerController.uasset" 962
"C:/Users/s210293/Documents/GitHub/TargetShooterGameJam/Content/Blueprints/MyPlayerController.uexp" 963
"C:/Users/s210293/Documents/GitHub/TargetShooterGameJam/Content/Blueprints/Widgets/Timer.uasset" 964
"C:/Users/s210293/Documents/GitHub/TargetShooterGameJam/Content/Blueprints/Widgets/Timer.uexp" 965
"C:/Users/s210293/Documents/GitHub/TargetShooterGameJam/Content/Blueprints/Widgets/Score.uasset" 966
"C:/Users/s210293/Documents/GitHub/TargetShooterGameJam/Content/Blueprints/Widgets/Score.uexp" 967
"C:/Users/s210293/Documents/GitHub/TargetShooterGameJam/Content/Audio/Starter_Wind06.uasset" 968
"C:/Users/s210293/Documents/GitHub/TargetShooterGameJam/Content/Audio/Starter_Wind06.uexp" 969
"C:/Users/s210293/Documents/GitHub/TargetShooterGameJam/Content/Audio/Starter_Wind05.uasset" 970
"C:/Users/s210293/Documents/GitHub/TargetShooterGameJam/Content/Audio/Starter_Wind05.uexp" 971
"C:/Users/s210293/Documents/GitHub/TargetShooterGameJam/Content/Audio/Starter_Birds01.uasset" 972
"C:/Users/s210293/Documents/GitHub/TargetShooterGameJam/Content/Audio/Starter_Birds01.uexp" 973
"C:/Users/s210293/Documents/GitHub/TargetShooterGameJam/Content/Audio/Starter_Background_Cue.uasset" 974
"C:/Users/s210293/Documents/GitHub/TargetShooterGameJam/Content/Audio/Starter_Background_Cue.uexp" 975
"../../../Engine/Content/EngineSky/T_Sky_Clouds_M.uasset" 976
"../../../Engine/Content/EngineSky/T_Sky_Clouds_M.uexp" 977
"../../../Engine/Content/EngineSky/T_Sky_Clouds_M.ubulk" 978
"../../../Engine/Content/EngineSky/T_Sky_Blue.uasset" 979
"../../../Engine/Content/EngineSky/T_Sky_Blue.uexp" 980
"../../../Engine/Content/EngineSky/T_Sky_Blue.ubulk" 981
"../../../Engine/Content/EngineMaterials/DefaultPhysicalMaterial.uasset" 982
"../../../Engine/Content/EngineMaterials/DefaultPhysicalMaterial.uexp" 983
"C:/Users/s210293/Documents/GitHub/TargetShooterGameJam/Content/Meshes/SM_swordFish.uasset" 984
"C:/Users/s210293/Documents/GitHub/TargetShooterGameJam/Content/Meshes/SM_swordFish.uexp" 985
"../../../Engine/Plugins/FX/Niagara/Content/Modules/Spawn/Location/SystemLocation.uasset" 986
"../../../Engine/Plugins/FX/Niagara/Content/Modules/Spawn/Location/SystemLocation.uexp" 987
"C:/Users/s210293/Documents/GitHub/TargetShooterGameJam/Content/Meshes/NS_RedShip.uasset" 988
"C:/Users/s210293/Documents/GitHub/TargetShooterGameJam/Content/Meshes/NS_RedShip.uexp" 989
"C:/Users/s210293/Documents/GitHub/TargetShooterGameJam/Content/Materials/M_sand.uasset" 990
"C:/Users/s210293/Documents/GitHub/TargetShooterGameJam/Content/Materials/M_sand.uexp" 991
"../../../Engine/Content/EngineSky/T_Sky_Stars.uasset" 992
"../../../Engine/Content/EngineSky/T_Sky_Stars.uexp" 993
"../../../Engine/Content/EngineSky/T_Sky_Stars.ubulk" 994
"../../../Engine/Content/EngineSky/M_Sky_Panning_Clouds2.uasset" 995
"../../../Engine/Content/EngineSky/M_Sky_Panning_Clouds2.uexp" 996
"C:/Users/s210293/Documents/GitHub/TargetShooterGameJam/Content/Maps/Level_01_BuiltData.uasset" 997
"C:/Users/s210293/Documents/GitHub/TargetShooterGameJam/Content/Maps/Level_01_BuiltData.uexp" 998
"C:/Users/s210293/Documents/GitHub/TargetShooterGameJam/Content/Maps/Level_01_BuiltData.ubulk" 999
"C:/Users/s210293/Documents/GitHub/TargetShooterGameJam/Content/Materials/MI_Silver.uasset" 1000
"C:/Users/s210293/Documents/GitHub/TargetShooterGameJam/Content/Materials/MI_Silver.uexp" 1001
"C:/Users/s210293/Documents/GitHub/TargetShooterGameJam/Content/Meshes/Car.uasset" 1002
"C:/Users/s210293/Documents/GitHub/TargetShooterGameJam/Content/Meshes/Car.uexp" 1003
"C:/Users/s210293/Documents/GitHub/TargetShooterGameJam/Content/Meshes/Car_Blueprint.uasset" 1004
"C:/Users/s210293/Documents/GitHub/TargetShooterGameJam/Content/Meshes/Car_Blueprint.uexp" 1005
"C:/Users/s210293/Documents/GitHub/TargetShooterGameJam/Content/Materials/MI_Red.uasset" 1006
"C:/Users/s210293/Documents/GitHub/TargetShooterGameJam/Content/Materials/MI_Red.uexp" 1007
"C:/Users/s210293/Documents/GitHub/TargetShooterGameJam/Content/Meshes/SciFi_Cable.uasset" 1008
"C:/Users/s210293/Documents/GitHub/TargetShooterGameJam/Content/Meshes/SciFi_Cable.uexp" 1009
"C:/Users/s210293/Documents/GitHub/TargetShooterGameJam/Content/Meshes/CableSpline.uasset" 1010
"C:/Users/s210293/Documents/GitHub/TargetShooterGameJam/Content/Meshes/CableSpline.uexp" 1011
"C:/Users/s210293/Documents/GitHub/TargetShooterGameJam/Content/Meshes/BP_MovingCar2.uasset" 1012
"C:/Users/s210293/Documents/GitHub/TargetShooterGameJam/Content/Meshes/BP_MovingCar2.uexp" 1013
"C:/Users/s210293/Documents/GitHub/TargetShooterGameJam/Content/Sounds/Target_Hit.uasset" 1014
"C:/Users/s210293/Documents/GitHub/TargetShooterGameJam/Content/Sounds/Target_Hit.uexp" 1015
"C:/Users/s210293/Documents/GitHub/TargetShooterGameJam/Content/Blueprints/Target_Blueprint.uasset" 1016
"C:/Users/s210293/Documents/GitHub/TargetShooterGameJam/Content/Blueprints/Target_Blueprint.uexp" 1017
"../../../Engine/Content/EngineSky/SM_SkySphere.uasset" 1018
"../../../Engine/Content/EngineSky/SM_SkySphere.uexp" 1019
"../../../Engine/Content/EngineSky/C_Sky_Zenith_Color.uasset" 1020
"../../../Engine/Content/EngineSky/C_Sky_Zenith_Color.uexp" 1021
"../../../Engine/Content/EngineSky/C_Sky_Horizon_Color.uasset" 1022
"../../../Engine/Content/EngineSky/C_Sky_Horizon_Color.uexp" 1023
"../../../Engine/Content/EngineSky/C_Sky_Cloud_Color.uasset" 1024
"../../../Engine/Content/EngineSky/C_Sky_Cloud_Color.uexp" 1025
"../../../Engine/Content/EngineSky/BP_Sky_Sphere.uasset" 1026
"../../../Engine/Content/EngineSky/BP_Sky_Sphere.uexp" 1027
"C:/Users/s210293/Documents/GitHub/TargetShooterGameJam/Content/Maps/Level_01.uexp" 1028
"C:/Users/s210293/Documents/GitHub/TargetShooterGameJam/Content/Maps/Level_01.ubulk" 1029
"C:/Users/s210293/Documents/GitHub/TargetShooterGameJam/Content/Maps/Level_01.umap" 1030
"C:/Users/s210293/Documents/GitHub/TargetShooterGameJam/Content/Sounds/The-Wild-West.uasset" 1031
"C:/Users/s210293/Documents/GitHub/TargetShooterGameJam/Content/Sounds/The-Wild-West.uexp" 1032
"C:/Users/s210293/Documents/GitHub/TargetShooterGameJam/Content/Maps/MainMenu.uexp" 1033
"C:/Users/s210293/Documents/GitHub/TargetShooterGameJam/Content/Maps/MainMenu.umap" 1034
"../../../Engine/Content/Maps/Entry_BuiltData.uasset" 1035
"../../../Engine/Content/Maps/Entry_BuiltData.uexp" 1036
"../../../Engine/Content/Maps/Entry.uexp" 1037
"../../../Engine/Content/Maps/Entry.umap" 1038
